gcc -pthread -c -fno-strict-aliasing -g -O2 -DNDEBUG -g -fwrapv -O3 -Wall -Wstrict-prototypes  -I. -IInclude -I./Include  -fPIC -DPy_BUILD_CORE -o Modules/python.o ./Modules/python.c
gcc -pthread -c -fno-strict-aliasing -g -O2 -DNDEBUG -g -fwrapv -O3 -Wall -Wstrict-prototypes  -I. -IInclude -I./Include  -fPIC -DPy_BUILD_CORE -o Parser/acceler.o Parser/acceler.c
gcc -pthread -c -fno-strict-aliasing -g -O2 -DNDEBUG -g -fwrapv -O3 -Wall -Wstrict-prototypes  -I. -IInclude -I./Include  -fPIC -DPy_BUILD_CORE -o Parser/grammar1.o Parser/grammar1.c
gcc -pthread -c -fno-strict-aliasing -g -O2 -DNDEBUG -g -fwrapv -O3 -Wall -Wstrict-prototypes  -I. -IInclude -I./Include  -fPIC -DPy_BUILD_CORE -o Parser/listnode.o Parser/listnode.c
gcc -pthread -c -fno-strict-aliasing -g -O2 -DNDEBUG -g -fwrapv -O3 -Wall -Wstrict-prototypes  -I. -IInclude -I./Include  -fPIC -DPy_BUILD_CORE -o Parser/node.o Parser/node.c
gcc -pthread -c -fno-strict-aliasing -g -O2 -DNDEBUG -g -fwrapv -O3 -Wall -Wstrict-prototypes  -I. -IInclude -I./Include  -fPIC -DPy_BUILD_CORE -o Parser/parser.o Parser/parser.c
gcc -pthread -c -fno-strict-aliasing -g -O2 -DNDEBUG -g -fwrapv -O3 -Wall -Wstrict-prototypes  -I. -IInclude -I./Include  -fPIC -DPy_BUILD_CORE -o Parser/parsetok.o Parser/parsetok.c
gcc -pthread -c -fno-strict-aliasing -g -O2 -DNDEBUG -g -fwrapv -O3 -Wall -Wstrict-prototypes  -I. -IInclude -I./Include  -fPIC -DPy_BUILD_CORE -o Parser/bitset.o Parser/bitset.c
gcc -pthread -c -fno-strict-aliasing -g -O2 -DNDEBUG -g -fwrapv -O3 -Wall -Wstrict-prototypes  -I. -IInclude -I./Include  -fPIC -DPy_BUILD_CORE -o Parser/metagrammar.o Parser/metagrammar.c
gcc -pthread -c -fno-strict-aliasing -g -O2 -DNDEBUG -g -fwrapv -O3 -Wall -Wstrict-prototypes  -I. -IInclude -I./Include  -fPIC -DPy_BUILD_CORE -o Parser/firstsets.o Parser/firstsets.c
gcc -pthread -c -fno-strict-aliasing -g -O2 -DNDEBUG -g -fwrapv -O3 -Wall -Wstrict-prototypes  -I. -IInclude -I./Include  -fPIC -DPy_BUILD_CORE -o Parser/grammar.o Parser/grammar.c
gcc -pthread -c -fno-strict-aliasing -g -O2 -DNDEBUG -g -fwrapv -O3 -Wall -Wstrict-prototypes  -I. -IInclude -I./Include  -fPIC -DPy_BUILD_CORE -o Parser/pgen.o Parser/pgen.c
gcc -pthread -c -fno-strict-aliasing -g -O2 -DNDEBUG -g -fwrapv -O3 -Wall -Wstrict-prototypes  -I. -IInclude -I./Include  -fPIC -DPy_BUILD_CORE -o Parser/myreadline.o Parser/myreadline.c
gcc -pthread -c -fno-strict-aliasing -g -O2 -DNDEBUG -g -fwrapv -O3 -Wall -Wstrict-prototypes  -I. -IInclude -I./Include  -fPIC -DPy_BUILD_CORE -o Parser/tokenizer.o Parser/tokenizer.c
gcc -pthread -c -fno-strict-aliasing -g -O2 -DNDEBUG -g -fwrapv -O3 -Wall -Wstrict-prototypes  -I. -IInclude -I./Include  -fPIC -DPy_BUILD_CORE -o Objects/abstract.o Objects/abstract.c
gcc -pthread -c -fno-strict-aliasing -g -O2 -DNDEBUG -g -fwrapv -O3 -Wall -Wstrict-prototypes  -I. -IInclude -I./Include  -fPIC -DPy_BUILD_CORE -o Objects/boolobject.o Objects/boolobject.c
gcc -pthread -c -fno-strict-aliasing -g -O2 -DNDEBUG -g -fwrapv -O3 -Wall -Wstrict-prototypes  -I. -IInclude -I./Include  -fPIC -DPy_BUILD_CORE -o Objects/bufferobject.o Objects/bufferobject.c
gcc -pthread -c -fno-strict-aliasing -g -O2 -DNDEBUG -g -fwrapv -O3 -Wall -Wstrict-prototypes  -I. -IInclude -I./Include  -fPIC -DPy_BUILD_CORE -o Objects/bytes_methods.o Objects/bytes_methods.c
gcc -pthread -c -fno-strict-aliasing -g -O2 -DNDEBUG -g -fwrapv -O3 -Wall -Wstrict-prototypes  -I. -IInclude -I./Include  -fPIC -DPy_BUILD_CORE -o Objects/bytearrayobject.o Objects/bytearrayobject.c
gcc -pthread -c -fno-strict-aliasing -g -O2 -DNDEBUG -g -fwrapv -O3 -Wall -Wstrict-prototypes  -I. -IInclude -I./Include  -fPIC -DPy_BUILD_CORE -o Objects/capsule.o Objects/capsule.c
gcc -pthread -c -fno-strict-aliasing -g -O2 -DNDEBUG -g -fwrapv -O3 -Wall -Wstrict-prototypes  -I. -IInclude -I./Include  -fPIC -DPy_BUILD_CORE -o Objects/cellobject.o Objects/cellobject.c
gcc -pthread -c -fno-strict-aliasing -g -O2 -DNDEBUG -g -fwrapv -O3 -Wall -Wstrict-prototypes  -I. -IInclude -I./Include  -fPIC -DPy_BUILD_CORE -o Objects/classobject.o Objects/classobject.c
gcc -pthread -c -fno-strict-aliasing -g -O2 -DNDEBUG -g -fwrapv -O3 -Wall -Wstrict-prototypes  -I. -IInclude -I./Include  -fPIC -DPy_BUILD_CORE -o Objects/cobject.o Objects/cobject.c
gcc -pthread -c -fno-strict-aliasing -g -O2 -DNDEBUG -g -fwrapv -O3 -Wall -Wstrict-prototypes  -I. -IInclude -I./Include  -fPIC -DPy_BUILD_CORE -o Objects/codeobject.o Objects/codeobject.c
gcc -pthread -c -fno-strict-aliasing -g -O2 -DNDEBUG -g -fwrapv -O3 -Wall -Wstrict-prototypes  -I. -IInclude -I./Include  -fPIC -DPy_BUILD_CORE -o Objects/complexobject.o Objects/complexobject.c
gcc -pthread -c -fno-strict-aliasing -g -O2 -DNDEBUG -g -fwrapv -O3 -Wall -Wstrict-prototypes  -I. -IInclude -I./Include  -fPIC -DPy_BUILD_CORE -o Objects/descrobject.o Objects/descrobject.c
gcc -pthread -c -fno-strict-aliasing -g -O2 -DNDEBUG -g -fwrapv -O3 -Wall -Wstrict-prototypes  -I. -IInclude -I./Include  -fPIC -DPy_BUILD_CORE -o Objects/enumobject.o Objects/enumobject.c
gcc -pthread -c -fno-strict-aliasing -g -O2 -DNDEBUG -g -fwrapv -O3 -Wall -Wstrict-prototypes  -I. -IInclude -I./Include  -fPIC -DPy_BUILD_CORE -o Objects/exceptions.o Objects/exceptions.c
gcc -pthread -c -fno-strict-aliasing -g -O2 -DNDEBUG -g -fwrapv -O3 -Wall -Wstrict-prototypes  -I. -IInclude -I./Include  -fPIC -DPy_BUILD_CORE -o Objects/genobject.o Objects/genobject.c
gcc -pthread -c -fno-strict-aliasing -g -O2 -DNDEBUG -g -fwrapv -O3 -Wall -Wstrict-prototypes  -I. -IInclude -I./Include  -fPIC -DPy_BUILD_CORE -o Objects/fileobject.o Objects/fileobject.c
Objects/fileobject.c: In function 'file_write':
Objects/fileobject.c:1807: warning: 'err' may be used uninitialized in this function
gcc -pthread -c -fno-strict-aliasing -g -O2 -DNDEBUG -g -fwrapv -O3 -Wall -Wstrict-prototypes  -I. -IInclude -I./Include  -fPIC -DPy_BUILD_CORE -o Objects/floatobject.o Objects/floatobject.c
gcc -pthread -c -fno-strict-aliasing -g -O2 -DNDEBUG -g -fwrapv -O3 -Wall -Wstrict-prototypes  -I. -IInclude -I./Include  -fPIC -DPy_BUILD_CORE -o Objects/frameobject.o Objects/frameobject.c
gcc -pthread -c -fno-strict-aliasing -g -O2 -DNDEBUG -g -fwrapv -O3 -Wall -Wstrict-prototypes  -I. -IInclude -I./Include  -fPIC -DPy_BUILD_CORE -o Objects/funcobject.o Objects/funcobject.c
gcc -pthread -c -fno-strict-aliasing -g -O2 -DNDEBUG -g -fwrapv -O3 -Wall -Wstrict-prototypes  -I. -IInclude -I./Include  -fPIC -DPy_BUILD_CORE -o Objects/intobject.o Objects/intobject.c
gcc -pthread -c -fno-strict-aliasing -g -O2 -DNDEBUG -g -fwrapv -O3 -Wall -Wstrict-prototypes  -I. -IInclude -I./Include  -fPIC -DPy_BUILD_CORE -o Objects/iterobject.o Objects/iterobject.c
gcc -pthread -c -fno-strict-aliasing -g -O2 -DNDEBUG -g -fwrapv -O3 -Wall -Wstrict-prototypes  -I. -IInclude -I./Include  -fPIC -DPy_BUILD_CORE -o Objects/listobject.o Objects/listobject.c
gcc -pthread -c -fno-strict-aliasing -g -O2 -DNDEBUG -g -fwrapv -O3 -Wall -Wstrict-prototypes  -I. -IInclude -I./Include  -fPIC -DPy_BUILD_CORE -o Objects/longobject.o Objects/longobject.c
gcc -pthread -c -fno-strict-aliasing -g -O2 -DNDEBUG -g -fwrapv -O3 -Wall -Wstrict-prototypes  -I. -IInclude -I./Include  -fPIC -DPy_BUILD_CORE -o Objects/dictobject.o Objects/dictobject.c
gcc -pthread -c -fno-strict-aliasing -g -O2 -DNDEBUG -g -fwrapv -O3 -Wall -Wstrict-prototypes  -I. -IInclude -I./Include  -fPIC -DPy_BUILD_CORE -o Objects/memoryobject.o Objects/memoryobject.c
gcc -pthread -c -fno-strict-aliasing -g -O2 -DNDEBUG -g -fwrapv -O3 -Wall -Wstrict-prototypes  -I. -IInclude -I./Include  -fPIC -DPy_BUILD_CORE -o Objects/methodobject.o Objects/methodobject.c
gcc -pthread -c -fno-strict-aliasing -g -O2 -DNDEBUG -g -fwrapv -O3 -Wall -Wstrict-prototypes  -I. -IInclude -I./Include  -fPIC -DPy_BUILD_CORE -o Objects/moduleobject.o Objects/moduleobject.c
gcc -pthread -c -fno-strict-aliasing -g -O2 -DNDEBUG -g -fwrapv -O3 -Wall -Wstrict-prototypes  -I. -IInclude -I./Include  -fPIC -DPy_BUILD_CORE -o Objects/object.o Objects/object.c
gcc -pthread -c -fno-strict-aliasing -g -O2 -DNDEBUG -g -fwrapv -O3 -Wall -Wstrict-prototypes  -I. -IInclude -I./Include  -fPIC -DPy_BUILD_CORE -o Objects/obmalloc.o Objects/obmalloc.c
gcc -pthread -c -fno-strict-aliasing -g -O2 -DNDEBUG -g -fwrapv -O3 -Wall -Wstrict-prototypes  -I. -IInclude -I./Include  -fPIC -DPy_BUILD_CORE -o Objects/rangeobject.o Objects/rangeobject.c
gcc -pthread -c -fno-strict-aliasing -g -O2 -DNDEBUG -g -fwrapv -O3 -Wall -Wstrict-prototypes  -I. -IInclude -I./Include  -fPIC -DPy_BUILD_CORE -o Objects/setobject.o Objects/setobject.c
gcc -pthread -c -fno-strict-aliasing -g -O2 -DNDEBUG -g -fwrapv -O3 -Wall -Wstrict-prototypes  -I. -IInclude -I./Include  -fPIC -DPy_BUILD_CORE -o Objects/sliceobject.o Objects/sliceobject.c
gcc -pthread -c -fno-strict-aliasing -g -O2 -DNDEBUG -g -fwrapv -O3 -Wall -Wstrict-prototypes  -I. -IInclude -I./Include  -fPIC -DPy_BUILD_CORE -o Objects/stringobject.o Objects/stringobject.c
gcc -pthread -c -fno-strict-aliasing -g -O2 -DNDEBUG -g -fwrapv -O3 -Wall -Wstrict-prototypes  -I. -IInclude -I./Include  -fPIC -DPy_BUILD_CORE -o Objects/structseq.o Objects/structseq.c
gcc -pthread -c -fno-strict-aliasing -g -O2 -DNDEBUG -g -fwrapv -O3 -Wall -Wstrict-prototypes  -I. -IInclude -I./Include  -fPIC -DPy_BUILD_CORE -o Objects/tupleobject.o Objects/tupleobject.c
gcc -pthread -c -fno-strict-aliasing -g -O2 -DNDEBUG -g -fwrapv -O3 -Wall -Wstrict-prototypes  -I. -IInclude -I./Include  -fPIC -DPy_BUILD_CORE -o Objects/typeobject.o Objects/typeobject.c
gcc -pthread -c -fno-strict-aliasing -g -O2 -DNDEBUG -g -fwrapv -O3 -Wall -Wstrict-prototypes  -I. -IInclude -I./Include  -fPIC -DPy_BUILD_CORE -o Objects/weakrefobject.o Objects/weakrefobject.c
gcc -pthread -c -fno-strict-aliasing -g -O2 -DNDEBUG -g -fwrapv -O3 -Wall -Wstrict-prototypes  -I. -IInclude -I./Include  -fPIC -DPy_BUILD_CORE -o Objects/unicodeobject.o Objects/unicodeobject.c
gcc -pthread -c -fno-strict-aliasing -g -O2 -DNDEBUG -g -fwrapv -O3 -Wall -Wstrict-prototypes  -I. -IInclude -I./Include  -fPIC -DPy_BUILD_CORE -o Objects/unicodectype.o Objects/unicodectype.c
gcc -pthread -c -fno-strict-aliasing -g -O2 -DNDEBUG -g -fwrapv -O3 -Wall -Wstrict-prototypes  -I. -IInclude -I./Include  -fPIC -DPy_BUILD_CORE -o Python/_warnings.o Python/_warnings.c
gcc -pthread -c -fno-strict-aliasing -g -O2 -DNDEBUG -g -fwrapv -O3 -Wall -Wstrict-prototypes  -I. -IInclude -I./Include  -fPIC -DPy_BUILD_CORE -o Python/Python-ast.o Python/Python-ast.c
gcc -pthread -c -fno-strict-aliasing -g -O2 -DNDEBUG -g -fwrapv -O3 -Wall -Wstrict-prototypes  -I. -IInclude -I./Include  -fPIC -DPy_BUILD_CORE -o Python/asdl.o Python/asdl.c
make Parser/pgen
make[1]: Entering directory `/exp/si/barrand/usr/local/Python/2.7.8/Python-2.7.8'
gcc -pthread -c -fno-strict-aliasing -g -O2 -DNDEBUG -g -fwrapv -O3 -Wall -Wstrict-prototypes  -I. -IInclude -I./Include  -fPIC -DPy_BUILD_CORE -o Python/mysnprintf.o Python/mysnprintf.c
gcc -pthread -c -fno-strict-aliasing -g -O2 -DNDEBUG -g -fwrapv -O3 -Wall -Wstrict-prototypes  -I. -IInclude -I./Include  -fPIC -DPy_BUILD_CORE -o Python/pyctype.o Python/pyctype.c
gcc -pthread -c -fno-strict-aliasing -g -O2 -DNDEBUG -g -fwrapv -O3 -Wall -Wstrict-prototypes  -I. -IInclude -I./Include  -fPIC -DPy_BUILD_CORE -o Parser/tokenizer_pgen.o Parser/tokenizer_pgen.c
gcc -pthread -c -fno-strict-aliasing -g -O2 -DNDEBUG -g -fwrapv -O3 -Wall -Wstrict-prototypes  -I. -IInclude -I./Include  -fPIC -DPy_BUILD_CORE -o Parser/printgrammar.o Parser/printgrammar.c
gcc -pthread -c -fno-strict-aliasing -g -O2 -DNDEBUG -g -fwrapv -O3 -Wall -Wstrict-prototypes  -I. -IInclude -I./Include  -fPIC -DPy_BUILD_CORE -o Parser/pgenmain.o Parser/pgenmain.c
gcc -pthread -DNDEBUG -g -fwrapv -O3 -Wall -Wstrict-prototypes  Parser/acceler.o Parser/grammar1.o Parser/listnode.o Parser/node.o Parser/parser.o Parser/parsetok.o Parser/bitset.o Parser/metagrammar.o Parser/firstsets.o Parser/grammar.o Parser/pgen.o Objects/obmalloc.o Python/mysnprintf.o Python/pyctype.o Parser/tokenizer_pgen.o Parser/printgrammar.o Parser/pgenmain.o -lpthread -ldl  -lutil -o Parser/pgen
make[1]: Leaving directory `/exp/si/barrand/usr/local/Python/2.7.8/Python-2.7.8'
Parser/pgen ./Grammar/Grammar Include/graminit.h Python/graminit.c
gcc -pthread -c -fno-strict-aliasing -g -O2 -DNDEBUG -g -fwrapv -O3 -Wall -Wstrict-prototypes  -I. -IInclude -I./Include  -fPIC -DPy_BUILD_CORE -o Python/ast.o Python/ast.c
gcc -pthread -c -fno-strict-aliasing -g -O2 -DNDEBUG -g -fwrapv -O3 -Wall -Wstrict-prototypes  -I. -IInclude -I./Include  -fPIC -DPy_BUILD_CORE -o Python/bltinmodule.o Python/bltinmodule.c
gcc -pthread -c -fno-strict-aliasing -g -O2 -DNDEBUG -g -fwrapv -O3 -Wall -Wstrict-prototypes  -I. -IInclude -I./Include  -fPIC -DPy_BUILD_CORE -o Python/ceval.o Python/ceval.c
gcc -pthread -c -fno-strict-aliasing -g -O2 -DNDEBUG -g -fwrapv -O3 -Wall -Wstrict-prototypes  -I. -IInclude -I./Include  -fPIC -DPy_BUILD_CORE -o Python/compile.o Python/compile.c
gcc -pthread -c -fno-strict-aliasing -g -O2 -DNDEBUG -g -fwrapv -O3 -Wall -Wstrict-prototypes  -I. -IInclude -I./Include  -fPIC -DPy_BUILD_CORE -o Python/codecs.o Python/codecs.c
gcc -pthread -c -fno-strict-aliasing -g -O2 -DNDEBUG -g -fwrapv -O3 -Wall -Wstrict-prototypes  -I. -IInclude -I./Include  -fPIC -DPy_BUILD_CORE -o Python/errors.o Python/errors.c
gcc -pthread -c -fno-strict-aliasing -g -O2 -DNDEBUG -g -fwrapv -O3 -Wall -Wstrict-prototypes  -I. -IInclude -I./Include  -fPIC -DPy_BUILD_CORE -o Python/frozen.o Python/frozen.c
gcc -pthread -c -fno-strict-aliasing -g -O2 -DNDEBUG -g -fwrapv -O3 -Wall -Wstrict-prototypes  -I. -IInclude -I./Include  -fPIC -DPy_BUILD_CORE -o Python/frozenmain.o Python/frozenmain.c
gcc -pthread -c -fno-strict-aliasing -g -O2 -DNDEBUG -g -fwrapv -O3 -Wall -Wstrict-prototypes  -I. -IInclude -I./Include  -fPIC -DPy_BUILD_CORE -o Python/future.o Python/future.c
gcc -pthread -c -fno-strict-aliasing -g -O2 -DNDEBUG -g -fwrapv -O3 -Wall -Wstrict-prototypes  -I. -IInclude -I./Include  -fPIC -DPy_BUILD_CORE -o Python/getargs.o Python/getargs.c
gcc -pthread -c -fno-strict-aliasing -g -O2 -DNDEBUG -g -fwrapv -O3 -Wall -Wstrict-prototypes  -I. -IInclude -I./Include  -fPIC -DPy_BUILD_CORE -o Python/getcompiler.o Python/getcompiler.c
gcc -pthread -c -fno-strict-aliasing -g -O2 -DNDEBUG -g -fwrapv -O3 -Wall -Wstrict-prototypes  -I. -IInclude -I./Include  -fPIC -DPy_BUILD_CORE -o Python/getcopyright.o Python/getcopyright.c
gcc -pthread -c -fno-strict-aliasing -g -O2 -DNDEBUG -g -fwrapv -O3 -Wall -Wstrict-prototypes  -I. -IInclude -I./Include  -fPIC -DPy_BUILD_CORE -DPLATFORM='"linux2"' -o Python/getplatform.o ./Python/getplatform.c
gcc -pthread -c -fno-strict-aliasing -g -O2 -DNDEBUG -g -fwrapv -O3 -Wall -Wstrict-prototypes  -I. -IInclude -I./Include  -fPIC -DPy_BUILD_CORE -o Python/getversion.o Python/getversion.c
make Include/graminit.h
make[1]: Entering directory `/exp/si/barrand/usr/local/Python/2.7.8/Python-2.7.8'
make[1]: `Include/graminit.h' is up to date.
make[1]: Leaving directory `/exp/si/barrand/usr/local/Python/2.7.8/Python-2.7.8'
touch Python/graminit.c
gcc -pthread -c -fno-strict-aliasing -g -O2 -DNDEBUG -g -fwrapv -O3 -Wall -Wstrict-prototypes  -I. -IInclude -I./Include  -fPIC -DPy_BUILD_CORE -o Python/graminit.o Python/graminit.c
gcc -pthread -c -fno-strict-aliasing -g -O2 -DNDEBUG -g -fwrapv -O3 -Wall -Wstrict-prototypes  -I. -IInclude -I./Include  -fPIC -DPy_BUILD_CORE -o Python/import.o Python/import.c
gcc -pthread -c -fno-strict-aliasing -g -O2 -DNDEBUG -g -fwrapv -O3 -Wall -Wstrict-prototypes  -I. -IInclude -I./Include  -fPIC -DPy_BUILD_CORE -I. -o Python/importdl.o ./Python/importdl.c
gcc -pthread -c -fno-strict-aliasing -g -O2 -DNDEBUG -g -fwrapv -O3 -Wall -Wstrict-prototypes  -I. -IInclude -I./Include  -fPIC -DPy_BUILD_CORE -o Python/marshal.o Python/marshal.c
gcc -pthread -c -fno-strict-aliasing -g -O2 -DNDEBUG -g -fwrapv -O3 -Wall -Wstrict-prototypes  -I. -IInclude -I./Include  -fPIC -DPy_BUILD_CORE -o Python/modsupport.o Python/modsupport.c
gcc -pthread -c -fno-strict-aliasing -g -O2 -DNDEBUG -g -fwrapv -O3 -Wall -Wstrict-prototypes  -I. -IInclude -I./Include  -fPIC -DPy_BUILD_CORE -o Python/mystrtoul.o Python/mystrtoul.c
gcc -pthread -c -fno-strict-aliasing -g -O2 -DNDEBUG -g -fwrapv -O3 -Wall -Wstrict-prototypes  -I. -IInclude -I./Include  -fPIC -DPy_BUILD_CORE -o Python/peephole.o Python/peephole.c
gcc -pthread -c -fno-strict-aliasing -g -O2 -DNDEBUG -g -fwrapv -O3 -Wall -Wstrict-prototypes  -I. -IInclude -I./Include  -fPIC -DPy_BUILD_CORE -o Python/pyarena.o Python/pyarena.c
gcc -pthread -c -fno-strict-aliasing -g -O2 -DNDEBUG -g -fwrapv -O3 -Wall -Wstrict-prototypes  -I. -IInclude -I./Include  -fPIC -DPy_BUILD_CORE -o Python/pyfpe.o Python/pyfpe.c
gcc -pthread -c -fno-strict-aliasing -g -O2 -DNDEBUG -g -fwrapv -O3 -Wall -Wstrict-prototypes  -I. -IInclude -I./Include  -fPIC -DPy_BUILD_CORE -o Python/pymath.o Python/pymath.c
gcc -pthread -c -fno-strict-aliasing -g -O2 -DNDEBUG -g -fwrapv -O3 -Wall -Wstrict-prototypes  -I. -IInclude -I./Include  -fPIC -DPy_BUILD_CORE -o Python/pystate.o Python/pystate.c
gcc -pthread -c -fno-strict-aliasing -g -O2 -DNDEBUG -g -fwrapv -O3 -Wall -Wstrict-prototypes  -I. -IInclude -I./Include  -fPIC -DPy_BUILD_CORE -o Python/pythonrun.o Python/pythonrun.c
gcc -pthread -c -fno-strict-aliasing -g -O2 -DNDEBUG -g -fwrapv -O3 -Wall -Wstrict-prototypes  -I. -IInclude -I./Include  -fPIC -DPy_BUILD_CORE -o Python/random.o Python/random.c
gcc -pthread -c -fno-strict-aliasing -g -O2 -DNDEBUG -g -fwrapv -O3 -Wall -Wstrict-prototypes  -I. -IInclude -I./Include  -fPIC -DPy_BUILD_CORE -o Python/structmember.o Python/structmember.c
gcc -pthread -c -fno-strict-aliasing -g -O2 -DNDEBUG -g -fwrapv -O3 -Wall -Wstrict-prototypes  -I. -IInclude -I./Include  -fPIC -DPy_BUILD_CORE -o Python/symtable.o Python/symtable.c
gcc -pthread -c -fno-strict-aliasing -g -O2 -DNDEBUG -g -fwrapv -O3 -Wall -Wstrict-prototypes  -I. -IInclude -I./Include  -fPIC -DPy_BUILD_CORE -o Python/sysmodule.o Python/sysmodule.c
gcc -pthread -c -fno-strict-aliasing -g -O2 -DNDEBUG -g -fwrapv -O3 -Wall -Wstrict-prototypes  -I. -IInclude -I./Include  -fPIC -DPy_BUILD_CORE -o Python/traceback.o Python/traceback.c
gcc -pthread -c -fno-strict-aliasing -g -O2 -DNDEBUG -g -fwrapv -O3 -Wall -Wstrict-prototypes  -I. -IInclude -I./Include  -fPIC -DPy_BUILD_CORE -o Python/getopt.o Python/getopt.c
gcc -pthread -c -fno-strict-aliasing -g -O2 -DNDEBUG -g -fwrapv -O3 -Wall -Wstrict-prototypes  -I. -IInclude -I./Include  -fPIC -DPy_BUILD_CORE -o Python/pystrcmp.o Python/pystrcmp.c
gcc -pthread -c -fno-strict-aliasing -g -O2 -DNDEBUG -g -fwrapv -O3 -Wall -Wstrict-prototypes  -I. -IInclude -I./Include  -fPIC -DPy_BUILD_CORE -o Python/pystrtod.o Python/pystrtod.c
gcc -pthread -c -fno-strict-aliasing -g -O2 -DNDEBUG -g -fwrapv -O3 -Wall -Wstrict-prototypes  -I. -IInclude -I./Include  -fPIC -DPy_BUILD_CORE -o Python/dtoa.o Python/dtoa.c
gcc -pthread -c -fno-strict-aliasing -g -O2 -DNDEBUG -g -fwrapv -O3 -Wall -Wstrict-prototypes  -I. -IInclude -I./Include  -fPIC -DPy_BUILD_CORE -o Python/formatter_unicode.o Python/formatter_unicode.c
gcc -pthread -c -fno-strict-aliasing -g -O2 -DNDEBUG -g -fwrapv -O3 -Wall -Wstrict-prototypes  -I. -IInclude -I./Include  -fPIC -DPy_BUILD_CORE -o Python/formatter_string.o Python/formatter_string.c
gcc -pthread -c -fno-strict-aliasing -g -O2 -DNDEBUG -g -fwrapv -O3 -Wall -Wstrict-prototypes  -I. -IInclude -I./Include  -fPIC -DPy_BUILD_CORE -o Python/dynload_shlib.o Python/dynload_shlib.c
gcc -pthread -c -fno-strict-aliasing -g -O2 -DNDEBUG -g -fwrapv -O3 -Wall -Wstrict-prototypes  -I. -IInclude -I./Include  -fPIC -DPy_BUILD_CORE -o Python/thread.o Python/thread.c
gcc -pthread -c -fno-strict-aliasing -g -O2 -DNDEBUG -g -fwrapv -O3 -Wall -Wstrict-prototypes  -I. -IInclude -I./Include  -fPIC -DPy_BUILD_CORE -o Modules/config.o Modules/config.c
gcc -pthread -c -fno-strict-aliasing -g -O2 -DNDEBUG -g -fwrapv -O3 -Wall -Wstrict-prototypes  -I. -IInclude -I./Include  -fPIC -DPy_BUILD_CORE -DPYTHONPATH='":plat-linux2:lib-tk:lib-old"' \
		-DPREFIX='"/exp/si/barrand/usr/local/Python/2.7.8"' \
		-DEXEC_PREFIX='"/exp/si/barrand/usr/local/Python/2.7.8"' \
		-DVERSION='"2.7"' \
		-DVPATH='""' \
		-o Modules/getpath.o ./Modules/getpath.c
gcc -pthread -c -fno-strict-aliasing -g -O2 -DNDEBUG -g -fwrapv -O3 -Wall -Wstrict-prototypes  -I. -IInclude -I./Include  -fPIC -DPy_BUILD_CORE -o Modules/main.o Modules/main.c
gcc -pthread -c -fno-strict-aliasing -g -O2 -DNDEBUG -g -fwrapv -O3 -Wall -Wstrict-prototypes  -I. -IInclude -I./Include  -fPIC -DPy_BUILD_CORE -o Modules/gcmodule.o Modules/gcmodule.c
gcc -pthread -fno-strict-aliasing -g -O2 -DNDEBUG -g -fwrapv -O3 -Wall -Wstrict-prototypes  -I. -IInclude -I./Include  -fPIC -DPy_BUILD_CORE  -c ./Modules/threadmodule.c -o Modules/threadmodule.o
gcc -pthread -fno-strict-aliasing -g -O2 -DNDEBUG -g -fwrapv -O3 -Wall -Wstrict-prototypes  -I. -IInclude -I./Include  -fPIC -DPy_BUILD_CORE  -c ./Modules/signalmodule.c -o Modules/signalmodule.o
gcc -pthread -fno-strict-aliasing -g -O2 -DNDEBUG -g -fwrapv -O3 -Wall -Wstrict-prototypes  -I. -IInclude -I./Include  -fPIC -DPy_BUILD_CORE  -c ./Modules/posixmodule.c -o Modules/posixmodule.o
gcc -pthread -fno-strict-aliasing -g -O2 -DNDEBUG -g -fwrapv -O3 -Wall -Wstrict-prototypes  -I. -IInclude -I./Include  -fPIC -DPy_BUILD_CORE  -c ./Modules/errnomodule.c -o Modules/errnomodule.o
gcc -pthread -fno-strict-aliasing -g -O2 -DNDEBUG -g -fwrapv -O3 -Wall -Wstrict-prototypes  -I. -IInclude -I./Include  -fPIC -DPy_BUILD_CORE  -c ./Modules/pwdmodule.c -o Modules/pwdmodule.o
gcc -pthread -fno-strict-aliasing -g -O2 -DNDEBUG -g -fwrapv -O3 -Wall -Wstrict-prototypes  -I. -IInclude -I./Include  -fPIC -DPy_BUILD_CORE  -c ./Modules/_sre.c -o Modules/_sre.o
gcc -pthread -fno-strict-aliasing -g -O2 -DNDEBUG -g -fwrapv -O3 -Wall -Wstrict-prototypes  -I. -IInclude -I./Include  -fPIC -DPy_BUILD_CORE  -c ./Modules/_codecsmodule.c -o Modules/_codecsmodule.o
gcc -pthread -fno-strict-aliasing -g -O2 -DNDEBUG -g -fwrapv -O3 -Wall -Wstrict-prototypes  -I. -IInclude -I./Include  -fPIC -DPy_BUILD_CORE  -c ./Modules/_weakref.c -o Modules/_weakref.o
gcc -pthread -fno-strict-aliasing -g -O2 -DNDEBUG -g -fwrapv -O3 -Wall -Wstrict-prototypes  -I. -IInclude -I./Include  -fPIC -DPy_BUILD_CORE  -c ./Modules/zipimport.c -o Modules/zipimport.o
gcc -pthread -fno-strict-aliasing -g -O2 -DNDEBUG -g -fwrapv -O3 -Wall -Wstrict-prototypes  -I. -IInclude -I./Include  -fPIC -DPy_BUILD_CORE  -c ./Modules/symtablemodule.c -o Modules/symtablemodule.o
gcc -pthread -fno-strict-aliasing -g -O2 -DNDEBUG -g -fwrapv -O3 -Wall -Wstrict-prototypes  -I. -IInclude -I./Include  -fPIC -DPy_BUILD_CORE  -c ./Modules/xxsubtype.c -o Modules/xxsubtype.o
gcc -pthread -c -fno-strict-aliasing -g -O2 -DNDEBUG -g -fwrapv -O3 -Wall -Wstrict-prototypes  -I. -IInclude -I./Include  -fPIC -DPy_BUILD_CORE \
	      -DSVNVERSION="\"`LC_ALL=C svnversion .`\"" \
	      -DHGVERSION="\"`LC_ALL=C hg id -i .`\"" \
	      -DHGTAG="\"`LC_ALL=C hg id -t .`\"" \
	      -DHGBRANCH="\"`LC_ALL=C hg id -b .`\"" \
	      -o Modules/getbuildinfo.o ./Modules/getbuildinfo.c
abort: repository . not found!
abort: repository . not found!
abort: repository . not found!
rm -f libpython2.7.a
ar rc libpython2.7.a Modules/getbuildinfo.o
ar rc libpython2.7.a Parser/acceler.o Parser/grammar1.o Parser/listnode.o Parser/node.o Parser/parser.o Parser/parsetok.o Parser/bitset.o Parser/metagrammar.o Parser/firstsets.o Parser/grammar.o Parser/pgen.o Parser/myreadline.o Parser/tokenizer.o
ar rc libpython2.7.a Objects/abstract.o Objects/boolobject.o Objects/bufferobject.o Objects/bytes_methods.o Objects/bytearrayobject.o Objects/capsule.o Objects/cellobject.o Objects/classobject.o Objects/cobject.o Objects/codeobject.o Objects/complexobject.o Objects/descrobject.o Objects/enumobject.o Objects/exceptions.o Objects/genobject.o Objects/fileobject.o Objects/floatobject.o Objects/frameobject.o Objects/funcobject.o Objects/intobject.o Objects/iterobject.o Objects/listobject.o Objects/longobject.o Objects/dictobject.o Objects/memoryobject.o Objects/methodobject.o Objects/moduleobject.o Objects/object.o Objects/obmalloc.o Objects/rangeobject.o Objects/setobject.o Objects/sliceobject.o Objects/stringobject.o Objects/structseq.o Objects/tupleobject.o Objects/typeobject.o Objects/weakrefobject.o Objects/unicodeobject.o Objects/unicodectype.o
ar rc libpython2.7.a Python/_warnings.o Python/Python-ast.o Python/asdl.o Python/ast.o Python/bltinmodule.o Python/ceval.o Python/compile.o Python/codecs.o Python/errors.o Python/frozen.o Python/frozenmain.o Python/future.o Python/getargs.o Python/getcompiler.o Python/getcopyright.o Python/getplatform.o Python/getversion.o Python/graminit.o Python/import.o Python/importdl.o Python/marshal.o Python/modsupport.o Python/mystrtoul.o Python/mysnprintf.o Python/peephole.o Python/pyarena.o Python/pyctype.o Python/pyfpe.o Python/pymath.o Python/pystate.o Python/pythonrun.o Python/random.o Python/structmember.o Python/symtable.o Python/sysmodule.o Python/traceback.o Python/getopt.o Python/pystrcmp.o Python/pystrtod.o Python/dtoa.o Python/formatter_unicode.o Python/formatter_string.o Python/dynload_shlib.o   Python/thread.o
ar rc libpython2.7.a Modules/config.o Modules/getpath.o Modules/main.o Modules/gcmodule.o 
ar rc libpython2.7.a Modules/threadmodule.o  Modules/signalmodule.o  Modules/posixmodule.o  Modules/errnomodule.o  Modules/pwdmodule.o  Modules/_sre.o  Modules/_codecsmodule.o  Modules/_weakref.o  Modules/zipimport.o  Modules/symtablemodule.o  Modules/xxsubtype.o
ranlib libpython2.7.a
if test libpython2.7.so.1.0 != libpython2.7.so; then \
		gcc -pthread -shared  -Wl,-hlibpython2.7.so.1.0 -o libpython2.7.so.1.0 Modules/getbuildinfo.o Parser/acceler.o Parser/grammar1.o Parser/listnode.o Parser/node.o Parser/parser.o Parser/parsetok.o Parser/bitset.o Parser/metagrammar.o Parser/firstsets.o Parser/grammar.o Parser/pgen.o Parser/myreadline.o Parser/tokenizer.o Objects/abstract.o Objects/boolobject.o Objects/bufferobject.o Objects/bytes_methods.o Objects/bytearrayobject.o Objects/capsule.o Objects/cellobject.o Objects/classobject.o Objects/cobject.o Objects/codeobject.o Objects/complexobject.o Objects/descrobject.o Objects/enumobject.o Objects/exceptions.o Objects/genobject.o Objects/fileobject.o Objects/floatobject.o Objects/frameobject.o Objects/funcobject.o Objects/intobject.o Objects/iterobject.o Objects/listobject.o Objects/longobject.o Objects/dictobject.o Objects/memoryobject.o Objects/methodobject.o Objects/moduleobject.o Objects/object.o Objects/obmalloc.o Objects/rangeobject.o Objects/setobject.o Objects/sliceobject.o Objects/stringobject.o Objects/structseq.o Objects/tupleobject.o Objects/typeobject.o Objects/weakrefobject.o Objects/unicodeobject.o Objects/unicodectype.o Python/_warnings.o Python/Python-ast.o Python/asdl.o Python/ast.o Python/bltinmodule.o Python/ceval.o Python/compile.o Python/codecs.o Python/errors.o Python/frozen.o Python/frozenmain.o Python/future.o Python/getargs.o Python/getcompiler.o Python/getcopyright.o Python/getplatform.o Python/getversion.o Python/graminit.o Python/import.o Python/importdl.o Python/marshal.o Python/modsupport.o Python/mystrtoul.o Python/mysnprintf.o Python/peephole.o Python/pyarena.o Python/pyctype.o Python/pyfpe.o Python/pymath.o Python/pystate.o Python/pythonrun.o Python/random.o Python/structmember.o Python/symtable.o Python/sysmodule.o Python/traceback.o Python/getopt.o Python/pystrcmp.o Python/pystrtod.o Python/dtoa.o Python/formatter_unicode.o Python/formatter_string.o Python/dynload_shlib.o   Python/thread.o Modules/config.o Modules/getpath.o Modules/main.o Modules/gcmodule.o  Modules/threadmodule.o  Modules/signalmodule.o  Modules/posixmodule.o  Modules/errnomodule.o  Modules/pwdmodule.o  Modules/_sre.o  Modules/_codecsmodule.o  Modules/_weakref.o  Modules/zipimport.o  Modules/symtablemodule.o  Modules/xxsubtype.o   -lpthread -ldl  -lutil  -lm ; \
		ln -f libpython2.7.so.1.0 libpython2.7.so; \
	else \
		gcc -pthread -shared  -o libpython2.7.so Modules/getbuildinfo.o Parser/acceler.o Parser/grammar1.o Parser/listnode.o Parser/node.o Parser/parser.o Parser/parsetok.o Parser/bitset.o Parser/metagrammar.o Parser/firstsets.o Parser/grammar.o Parser/pgen.o Parser/myreadline.o Parser/tokenizer.o Objects/abstract.o Objects/boolobject.o Objects/bufferobject.o Objects/bytes_methods.o Objects/bytearrayobject.o Objects/capsule.o Objects/cellobject.o Objects/classobject.o Objects/cobject.o Objects/codeobject.o Objects/complexobject.o Objects/descrobject.o Objects/enumobject.o Objects/exceptions.o Objects/genobject.o Objects/fileobject.o Objects/floatobject.o Objects/frameobject.o Objects/funcobject.o Objects/intobject.o Objects/iterobject.o Objects/listobject.o Objects/longobject.o Objects/dictobject.o Objects/memoryobject.o Objects/methodobject.o Objects/moduleobject.o Objects/object.o Objects/obmalloc.o Objects/rangeobject.o Objects/setobject.o Objects/sliceobject.o Objects/stringobject.o Objects/structseq.o Objects/tupleobject.o Objects/typeobject.o Objects/weakrefobject.o Objects/unicodeobject.o Objects/unicodectype.o Python/_warnings.o Python/Python-ast.o Python/asdl.o Python/ast.o Python/bltinmodule.o Python/ceval.o Python/compile.o Python/codecs.o Python/errors.o Python/frozen.o Python/frozenmain.o Python/future.o Python/getargs.o Python/getcompiler.o Python/getcopyright.o Python/getplatform.o Python/getversion.o Python/graminit.o Python/import.o Python/importdl.o Python/marshal.o Python/modsupport.o Python/mystrtoul.o Python/mysnprintf.o Python/peephole.o Python/pyarena.o Python/pyctype.o Python/pyfpe.o Python/pymath.o Python/pystate.o Python/pythonrun.o Python/random.o Python/structmember.o Python/symtable.o Python/sysmodule.o Python/traceback.o Python/getopt.o Python/pystrcmp.o Python/pystrtod.o Python/dtoa.o Python/formatter_unicode.o Python/formatter_string.o Python/dynload_shlib.o   Python/thread.o Modules/config.o Modules/getpath.o Modules/main.o Modules/gcmodule.o  Modules/threadmodule.o  Modules/signalmodule.o  Modules/posixmodule.o  Modules/errnomodule.o  Modules/pwdmodule.o  Modules/_sre.o  Modules/_codecsmodule.o  Modules/_weakref.o  Modules/zipimport.o  Modules/symtablemodule.o  Modules/xxsubtype.o   -lpthread -ldl  -lutil  -lm ; \
	fi
gcc -pthread  -Xlinker -export-dynamic -o python \
			Modules/python.o \
			-L. -lpython2.7 -lpthread -ldl  -lutil   -lm  
LD_LIBRARY_PATH=/exp/si/barrand/usr/local/Python/2.7.8/Python-2.7.8:/usr/lib64/classads:/usr/lib64:/usr/lib ./python -E -S -m sysconfig --generate-posix-vars
Could not find platform dependent libraries <exec_prefix>
Consider setting $PYTHONHOME to <prefix>[:<exec_prefix>]
running build
running build_ext
building dbm using gdbm
INFO: Can't locate Tcl/Tk libs and/or headers
building '_struct' extension
creating build/temp.linux-x86_64-2.7/exp
creating build/temp.linux-x86_64-2.7/exp/si
creating build/temp.linux-x86_64-2.7/exp/si/barrand
creating build/temp.linux-x86_64-2.7/exp/si/barrand/usr
creating build/temp.linux-x86_64-2.7/exp/si/barrand/usr/local
creating build/temp.linux-x86_64-2.7/exp/si/barrand/usr/local/Python
creating build/temp.linux-x86_64-2.7/exp/si/barrand/usr/local/Python/2.7.8
creating build/temp.linux-x86_64-2.7/exp/si/barrand/usr/local/Python/2.7.8/Python-2.7.8
creating build/temp.linux-x86_64-2.7/exp/si/barrand/usr/local/Python/2.7.8/Python-2.7.8/Modules
gcc -pthread -fPIC -fno-strict-aliasing -g -O2 -DNDEBUG -g -fwrapv -O3 -Wall -Wstrict-prototypes -I. -IInclude -I./Include -I/usr/local/include -I/exp/si/barrand/usr/local/Python/2.7.8/Python-2.7.8/Include -I/exp/si/barrand/usr/local/Python/2.7.8/Python-2.7.8 -c /exp/si/barrand/usr/local/Python/2.7.8/Python-2.7.8/Modules/_struct.c -o build/temp.linux-x86_64-2.7/exp/si/barrand/usr/local/Python/2.7.8/Python-2.7.8/Modules/_struct.o
gcc -pthread -shared build/temp.linux-x86_64-2.7/exp/si/barrand/usr/local/Python/2.7.8/Python-2.7.8/Modules/_struct.o -L/usr/local/lib -L. -lpython2.7 -o build/lib.linux-x86_64-2.7/_struct.so
building '_ctypes_test' extension
creating build/temp.linux-x86_64-2.7/exp/si/barrand/usr/local/Python/2.7.8/Python-2.7.8/Modules/_ctypes
gcc -pthread -fPIC -fno-strict-aliasing -g -O2 -DNDEBUG -g -fwrapv -O3 -Wall -Wstrict-prototypes -I. -IInclude -I./Include -I/usr/local/include -I/exp/si/barrand/usr/local/Python/2.7.8/Python-2.7.8/Include -I/exp/si/barrand/usr/local/Python/2.7.8/Python-2.7.8 -c /exp/si/barrand/usr/local/Python/2.7.8/Python-2.7.8/Modules/_ctypes/_ctypes_test.c -o build/temp.linux-x86_64-2.7/exp/si/barrand/usr/local/Python/2.7.8/Python-2.7.8/Modules/_ctypes/_ctypes_test.o
gcc -pthread -shared build/temp.linux-x86_64-2.7/exp/si/barrand/usr/local/Python/2.7.8/Python-2.7.8/Modules/_ctypes/_ctypes_test.o -L/usr/local/lib -L. -lpython2.7 -o build/lib.linux-x86_64-2.7/_ctypes_test.so
building 'array' extension
gcc -pthread -fPIC -fno-strict-aliasing -g -O2 -DNDEBUG -g -fwrapv -O3 -Wall -Wstrict-prototypes -I. -IInclude -I./Include -I/usr/local/include -I/exp/si/barrand/usr/local/Python/2.7.8/Python-2.7.8/Include -I/exp/si/barrand/usr/local/Python/2.7.8/Python-2.7.8 -c /exp/si/barrand/usr/local/Python/2.7.8/Python-2.7.8/Modules/arraymodule.c -o build/temp.linux-x86_64-2.7/exp/si/barrand/usr/local/Python/2.7.8/Python-2.7.8/Modules/arraymodule.o
gcc -pthread -shared build/temp.linux-x86_64-2.7/exp/si/barrand/usr/local/Python/2.7.8/Python-2.7.8/Modules/arraymodule.o -L/usr/local/lib -L. -lpython2.7 -o build/lib.linux-x86_64-2.7/array.so
building 'cmath' extension
gcc -pthread -fPIC -fno-strict-aliasing -g -O2 -DNDEBUG -g -fwrapv -O3 -Wall -Wstrict-prototypes -I. -IInclude -I./Include -I/usr/local/include -I/exp/si/barrand/usr/local/Python/2.7.8/Python-2.7.8/Include -I/exp/si/barrand/usr/local/Python/2.7.8/Python-2.7.8 -c /exp/si/barrand/usr/local/Python/2.7.8/Python-2.7.8/Modules/cmathmodule.c -o build/temp.linux-x86_64-2.7/exp/si/barrand/usr/local/Python/2.7.8/Python-2.7.8/Modules/cmathmodule.o
gcc -pthread -fPIC -fno-strict-aliasing -g -O2 -DNDEBUG -g -fwrapv -O3 -Wall -Wstrict-prototypes -I. -IInclude -I./Include -I/usr/local/include -I/exp/si/barrand/usr/local/Python/2.7.8/Python-2.7.8/Include -I/exp/si/barrand/usr/local/Python/2.7.8/Python-2.7.8 -c /exp/si/barrand/usr/local/Python/2.7.8/Python-2.7.8/Modules/_math.c -o build/temp.linux-x86_64-2.7/exp/si/barrand/usr/local/Python/2.7.8/Python-2.7.8/Modules/_math.o
gcc -pthread -shared build/temp.linux-x86_64-2.7/exp/si/barrand/usr/local/Python/2.7.8/Python-2.7.8/Modules/cmathmodule.o build/temp.linux-x86_64-2.7/exp/si/barrand/usr/local/Python/2.7.8/Python-2.7.8/Modules/_math.o -L/usr/local/lib -L. -lm -lpython2.7 -o build/lib.linux-x86_64-2.7/cmath.so
building 'math' extension
gcc -pthread -fPIC -fno-strict-aliasing -g -O2 -DNDEBUG -g -fwrapv -O3 -Wall -Wstrict-prototypes -I. -IInclude -I./Include -I/usr/local/include -I/exp/si/barrand/usr/local/Python/2.7.8/Python-2.7.8/Include -I/exp/si/barrand/usr/local/Python/2.7.8/Python-2.7.8 -c /exp/si/barrand/usr/local/Python/2.7.8/Python-2.7.8/Modules/mathmodule.c -o build/temp.linux-x86_64-2.7/exp/si/barrand/usr/local/Python/2.7.8/Python-2.7.8/Modules/mathmodule.o
gcc -pthread -fPIC -fno-strict-aliasing -g -O2 -DNDEBUG -g -fwrapv -O3 -Wall -Wstrict-prototypes -I. -IInclude -I./Include -I/usr/local/include -I/exp/si/barrand/usr/local/Python/2.7.8/Python-2.7.8/Include -I/exp/si/barrand/usr/local/Python/2.7.8/Python-2.7.8 -c /exp/si/barrand/usr/local/Python/2.7.8/Python-2.7.8/Modules/_math.c -o build/temp.linux-x86_64-2.7/exp/si/barrand/usr/local/Python/2.7.8/Python-2.7.8/Modules/_math.o
gcc -pthread -shared build/temp.linux-x86_64-2.7/exp/si/barrand/usr/local/Python/2.7.8/Python-2.7.8/Modules/mathmodule.o build/temp.linux-x86_64-2.7/exp/si/barrand/usr/local/Python/2.7.8/Python-2.7.8/Modules/_math.o -L/usr/local/lib -L. -lm -lpython2.7 -o build/lib.linux-x86_64-2.7/math.so
building 'strop' extension
gcc -pthread -fPIC -fno-strict-aliasing -g -O2 -DNDEBUG -g -fwrapv -O3 -Wall -Wstrict-prototypes -I. -IInclude -I./Include -I/usr/local/include -I/exp/si/barrand/usr/local/Python/2.7.8/Python-2.7.8/Include -I/exp/si/barrand/usr/local/Python/2.7.8/Python-2.7.8 -c /exp/si/barrand/usr/local/Python/2.7.8/Python-2.7.8/Modules/stropmodule.c -o build/temp.linux-x86_64-2.7/exp/si/barrand/usr/local/Python/2.7.8/Python-2.7.8/Modules/stropmodule.o
gcc -pthread -shared build/temp.linux-x86_64-2.7/exp/si/barrand/usr/local/Python/2.7.8/Python-2.7.8/Modules/stropmodule.o -L/usr/local/lib -L. -lpython2.7 -o build/lib.linux-x86_64-2.7/strop.so
building 'time' extension
gcc -pthread -fPIC -fno-strict-aliasing -g -O2 -DNDEBUG -g -fwrapv -O3 -Wall -Wstrict-prototypes -I. -IInclude -I./Include -I/usr/local/include -I/exp/si/barrand/usr/local/Python/2.7.8/Python-2.7.8/Include -I/exp/si/barrand/usr/local/Python/2.7.8/Python-2.7.8 -c /exp/si/barrand/usr/local/Python/2.7.8/Python-2.7.8/Modules/timemodule.c -o build/temp.linux-x86_64-2.7/exp/si/barrand/usr/local/Python/2.7.8/Python-2.7.8/Modules/timemodule.o
gcc -pthread -shared build/temp.linux-x86_64-2.7/exp/si/barrand/usr/local/Python/2.7.8/Python-2.7.8/Modules/timemodule.o -L/usr/local/lib -L. -lm -lpython2.7 -o build/lib.linux-x86_64-2.7/time.so
building 'datetime' extension
gcc -pthread -fPIC -fno-strict-aliasing -g -O2 -DNDEBUG -g -fwrapv -O3 -Wall -Wstrict-prototypes -I. -IInclude -I./Include -I/usr/local/include -I/exp/si/barrand/usr/local/Python/2.7.8/Python-2.7.8/Include -I/exp/si/barrand/usr/local/Python/2.7.8/Python-2.7.8 -c /exp/si/barrand/usr/local/Python/2.7.8/Python-2.7.8/Modules/datetimemodule.c -o build/temp.linux-x86_64-2.7/exp/si/barrand/usr/local/Python/2.7.8/Python-2.7.8/Modules/datetimemodule.o
gcc -pthread -fPIC -fno-strict-aliasing -g -O2 -DNDEBUG -g -fwrapv -O3 -Wall -Wstrict-prototypes -I. -IInclude -I./Include -I/usr/local/include -I/exp/si/barrand/usr/local/Python/2.7.8/Python-2.7.8/Include -I/exp/si/barrand/usr/local/Python/2.7.8/Python-2.7.8 -c /exp/si/barrand/usr/local/Python/2.7.8/Python-2.7.8/Modules/timemodule.c -o build/temp.linux-x86_64-2.7/exp/si/barrand/usr/local/Python/2.7.8/Python-2.7.8/Modules/timemodule.o
gcc -pthread -shared build/temp.linux-x86_64-2.7/exp/si/barrand/usr/local/Python/2.7.8/Python-2.7.8/Modules/datetimemodule.o build/temp.linux-x86_64-2.7/exp/si/barrand/usr/local/Python/2.7.8/Python-2.7.8/Modules/timemodule.o -L/usr/local/lib -L. -lm -lpython2.7 -o build/lib.linux-x86_64-2.7/datetime.so
building 'itertools' extension
gcc -pthread -fPIC -fno-strict-aliasing -g -O2 -DNDEBUG -g -fwrapv -O3 -Wall -Wstrict-prototypes -I. -IInclude -I./Include -I/usr/local/include -I/exp/si/barrand/usr/local/Python/2.7.8/Python-2.7.8/Include -I/exp/si/barrand/usr/local/Python/2.7.8/Python-2.7.8 -c /exp/si/barrand/usr/local/Python/2.7.8/Python-2.7.8/Modules/itertoolsmodule.c -o build/temp.linux-x86_64-2.7/exp/si/barrand/usr/local/Python/2.7.8/Python-2.7.8/Modules/itertoolsmodule.o
gcc -pthread -shared build/temp.linux-x86_64-2.7/exp/si/barrand/usr/local/Python/2.7.8/Python-2.7.8/Modules/itertoolsmodule.o -L/usr/local/lib -L. -lpython2.7 -o build/lib.linux-x86_64-2.7/itertools.so
building 'future_builtins' extension
gcc -pthread -fPIC -fno-strict-aliasing -g -O2 -DNDEBUG -g -fwrapv -O3 -Wall -Wstrict-prototypes -I. -IInclude -I./Include -I/usr/local/include -I/exp/si/barrand/usr/local/Python/2.7.8/Python-2.7.8/Include -I/exp/si/barrand/usr/local/Python/2.7.8/Python-2.7.8 -c /exp/si/barrand/usr/local/Python/2.7.8/Python-2.7.8/Modules/future_builtins.c -o build/temp.linux-x86_64-2.7/exp/si/barrand/usr/local/Python/2.7.8/Python-2.7.8/Modules/future_builtins.o
gcc -pthread -shared build/temp.linux-x86_64-2.7/exp/si/barrand/usr/local/Python/2.7.8/Python-2.7.8/Modules/future_builtins.o -L/usr/local/lib -L. -lpython2.7 -o build/lib.linux-x86_64-2.7/future_builtins.so
building '_random' extension
gcc -pthread -fPIC -fno-strict-aliasing -g -O2 -DNDEBUG -g -fwrapv -O3 -Wall -Wstrict-prototypes -I. -IInclude -I./Include -I/usr/local/include -I/exp/si/barrand/usr/local/Python/2.7.8/Python-2.7.8/Include -I/exp/si/barrand/usr/local/Python/2.7.8/Python-2.7.8 -c /exp/si/barrand/usr/local/Python/2.7.8/Python-2.7.8/Modules/_randommodule.c -o build/temp.linux-x86_64-2.7/exp/si/barrand/usr/local/Python/2.7.8/Python-2.7.8/Modules/_randommodule.o
gcc -pthread -shared build/temp.linux-x86_64-2.7/exp/si/barrand/usr/local/Python/2.7.8/Python-2.7.8/Modules/_randommodule.o -L/usr/local/lib -L. -lpython2.7 -o build/lib.linux-x86_64-2.7/_random.so
building '_collections' extension
gcc -pthread -fPIC -fno-strict-aliasing -g -O2 -DNDEBUG -g -fwrapv -O3 -Wall -Wstrict-prototypes -I. -IInclude -I./Include -I/usr/local/include -I/exp/si/barrand/usr/local/Python/2.7.8/Python-2.7.8/Include -I/exp/si/barrand/usr/local/Python/2.7.8/Python-2.7.8 -c /exp/si/barrand/usr/local/Python/2.7.8/Python-2.7.8/Modules/_collectionsmodule.c -o build/temp.linux-x86_64-2.7/exp/si/barrand/usr/local/Python/2.7.8/Python-2.7.8/Modules/_collectionsmodule.o
gcc -pthread -shared build/temp.linux-x86_64-2.7/exp/si/barrand/usr/local/Python/2.7.8/Python-2.7.8/Modules/_collectionsmodule.o -L/usr/local/lib -L. -lpython2.7 -o build/lib.linux-x86_64-2.7/_collections.so
building '_bisect' extension
gcc -pthread -fPIC -fno-strict-aliasing -g -O2 -DNDEBUG -g -fwrapv -O3 -Wall -Wstrict-prototypes -I. -IInclude -I./Include -I/usr/local/include -I/exp/si/barrand/usr/local/Python/2.7.8/Python-2.7.8/Include -I/exp/si/barrand/usr/local/Python/2.7.8/Python-2.7.8 -c /exp/si/barrand/usr/local/Python/2.7.8/Python-2.7.8/Modules/_bisectmodule.c -o build/temp.linux-x86_64-2.7/exp/si/barrand/usr/local/Python/2.7.8/Python-2.7.8/Modules/_bisectmodule.o
gcc -pthread -shared build/temp.linux-x86_64-2.7/exp/si/barrand/usr/local/Python/2.7.8/Python-2.7.8/Modules/_bisectmodule.o -L/usr/local/lib -L. -lpython2.7 -o build/lib.linux-x86_64-2.7/_bisect.so
building '_heapq' extension
gcc -pthread -fPIC -fno-strict-aliasing -g -O2 -DNDEBUG -g -fwrapv -O3 -Wall -Wstrict-prototypes -I. -IInclude -I./Include -I/usr/local/include -I/exp/si/barrand/usr/local/Python/2.7.8/Python-2.7.8/Include -I/exp/si/barrand/usr/local/Python/2.7.8/Python-2.7.8 -c /exp/si/barrand/usr/local/Python/2.7.8/Python-2.7.8/Modules/_heapqmodule.c -o build/temp.linux-x86_64-2.7/exp/si/barrand/usr/local/Python/2.7.8/Python-2.7.8/Modules/_heapqmodule.o
gcc -pthread -shared build/temp.linux-x86_64-2.7/exp/si/barrand/usr/local/Python/2.7.8/Python-2.7.8/Modules/_heapqmodule.o -L/usr/local/lib -L. -lpython2.7 -o build/lib.linux-x86_64-2.7/_heapq.so
building 'operator' extension
gcc -pthread -fPIC -fno-strict-aliasing -g -O2 -DNDEBUG -g -fwrapv -O3 -Wall -Wstrict-prototypes -I. -IInclude -I./Include -I/usr/local/include -I/exp/si/barrand/usr/local/Python/2.7.8/Python-2.7.8/Include -I/exp/si/barrand/usr/local/Python/2.7.8/Python-2.7.8 -c /exp/si/barrand/usr/local/Python/2.7.8/Python-2.7.8/Modules/operator.c -o build/temp.linux-x86_64-2.7/exp/si/barrand/usr/local/Python/2.7.8/Python-2.7.8/Modules/operator.o
gcc -pthread -shared build/temp.linux-x86_64-2.7/exp/si/barrand/usr/local/Python/2.7.8/Python-2.7.8/Modules/operator.o -L/usr/local/lib -L. -lpython2.7 -o build/lib.linux-x86_64-2.7/operator.so
building '_io' extension
creating build/temp.linux-x86_64-2.7/exp/si/barrand/usr/local/Python/2.7.8/Python-2.7.8/Modules/_io
gcc -pthread -fPIC -fno-strict-aliasing -g -O2 -DNDEBUG -g -fwrapv -O3 -Wall -Wstrict-prototypes -IModules/_io -I. -IInclude -I./Include -I/usr/local/include -I/exp/si/barrand/usr/local/Python/2.7.8/Python-2.7.8/Include -I/exp/si/barrand/usr/local/Python/2.7.8/Python-2.7.8 -c /exp/si/barrand/usr/local/Python/2.7.8/Python-2.7.8/Modules/_io/bufferedio.c -o build/temp.linux-x86_64-2.7/exp/si/barrand/usr/local/Python/2.7.8/Python-2.7.8/Modules/_io/bufferedio.o
gcc -pthread -fPIC -fno-strict-aliasing -g -O2 -DNDEBUG -g -fwrapv -O3 -Wall -Wstrict-prototypes -IModules/_io -I. -IInclude -I./Include -I/usr/local/include -I/exp/si/barrand/usr/local/Python/2.7.8/Python-2.7.8/Include -I/exp/si/barrand/usr/local/Python/2.7.8/Python-2.7.8 -c /exp/si/barrand/usr/local/Python/2.7.8/Python-2.7.8/Modules/_io/bytesio.c -o build/temp.linux-x86_64-2.7/exp/si/barrand/usr/local/Python/2.7.8/Python-2.7.8/Modules/_io/bytesio.o
gcc -pthread -fPIC -fno-strict-aliasing -g -O2 -DNDEBUG -g -fwrapv -O3 -Wall -Wstrict-prototypes -IModules/_io -I. -IInclude -I./Include -I/usr/local/include -I/exp/si/barrand/usr/local/Python/2.7.8/Python-2.7.8/Include -I/exp/si/barrand/usr/local/Python/2.7.8/Python-2.7.8 -c /exp/si/barrand/usr/local/Python/2.7.8/Python-2.7.8/Modules/_io/fileio.c -o build/temp.linux-x86_64-2.7/exp/si/barrand/usr/local/Python/2.7.8/Python-2.7.8/Modules/_io/fileio.o
gcc -pthread -fPIC -fno-strict-aliasing -g -O2 -DNDEBUG -g -fwrapv -O3 -Wall -Wstrict-prototypes -IModules/_io -I. -IInclude -I./Include -I/usr/local/include -I/exp/si/barrand/usr/local/Python/2.7.8/Python-2.7.8/Include -I/exp/si/barrand/usr/local/Python/2.7.8/Python-2.7.8 -c /exp/si/barrand/usr/local/Python/2.7.8/Python-2.7.8/Modules/_io/iobase.c -o build/temp.linux-x86_64-2.7/exp/si/barrand/usr/local/Python/2.7.8/Python-2.7.8/Modules/_io/iobase.o
gcc -pthread -fPIC -fno-strict-aliasing -g -O2 -DNDEBUG -g -fwrapv -O3 -Wall -Wstrict-prototypes -IModules/_io -I. -IInclude -I./Include -I/usr/local/include -I/exp/si/barrand/usr/local/Python/2.7.8/Python-2.7.8/Include -I/exp/si/barrand/usr/local/Python/2.7.8/Python-2.7.8 -c /exp/si/barrand/usr/local/Python/2.7.8/Python-2.7.8/Modules/_io/_iomodule.c -o build/temp.linux-x86_64-2.7/exp/si/barrand/usr/local/Python/2.7.8/Python-2.7.8/Modules/_io/_iomodule.o
gcc -pthread -fPIC -fno-strict-aliasing -g -O2 -DNDEBUG -g -fwrapv -O3 -Wall -Wstrict-prototypes -IModules/_io -I. -IInclude -I./Include -I/usr/local/include -I/exp/si/barrand/usr/local/Python/2.7.8/Python-2.7.8/Include -I/exp/si/barrand/usr/local/Python/2.7.8/Python-2.7.8 -c /exp/si/barrand/usr/local/Python/2.7.8/Python-2.7.8/Modules/_io/stringio.c -o build/temp.linux-x86_64-2.7/exp/si/barrand/usr/local/Python/2.7.8/Python-2.7.8/Modules/_io/stringio.o
gcc -pthread -fPIC -fno-strict-aliasing -g -O2 -DNDEBUG -g -fwrapv -O3 -Wall -Wstrict-prototypes -IModules/_io -I. -IInclude -I./Include -I/usr/local/include -I/exp/si/barrand/usr/local/Python/2.7.8/Python-2.7.8/Include -I/exp/si/barrand/usr/local/Python/2.7.8/Python-2.7.8 -c /exp/si/barrand/usr/local/Python/2.7.8/Python-2.7.8/Modules/_io/textio.c -o build/temp.linux-x86_64-2.7/exp/si/barrand/usr/local/Python/2.7.8/Python-2.7.8/Modules/_io/textio.o
gcc -pthread -shared build/temp.linux-x86_64-2.7/exp/si/barrand/usr/local/Python/2.7.8/Python-2.7.8/Modules/_io/bufferedio.o build/temp.linux-x86_64-2.7/exp/si/barrand/usr/local/Python/2.7.8/Python-2.7.8/Modules/_io/bytesio.o build/temp.linux-x86_64-2.7/exp/si/barrand/usr/local/Python/2.7.8/Python-2.7.8/Modules/_io/fileio.o build/temp.linux-x86_64-2.7/exp/si/barrand/usr/local/Python/2.7.8/Python-2.7.8/Modules/_io/iobase.o build/temp.linux-x86_64-2.7/exp/si/barrand/usr/local/Python/2.7.8/Python-2.7.8/Modules/_io/_iomodule.o build/temp.linux-x86_64-2.7/exp/si/barrand/usr/local/Python/2.7.8/Python-2.7.8/Modules/_io/stringio.o build/temp.linux-x86_64-2.7/exp/si/barrand/usr/local/Python/2.7.8/Python-2.7.8/Modules/_io/textio.o -L/usr/local/lib -L. -lpython2.7 -o build/lib.linux-x86_64-2.7/_io.so
building '_functools' extension
gcc -pthread -fPIC -fno-strict-aliasing -g -O2 -DNDEBUG -g -fwrapv -O3 -Wall -Wstrict-prototypes -I. -IInclude -I./Include -I/usr/local/include -I/exp/si/barrand/usr/local/Python/2.7.8/Python-2.7.8/Include -I/exp/si/barrand/usr/local/Python/2.7.8/Python-2.7.8 -c /exp/si/barrand/usr/local/Python/2.7.8/Python-2.7.8/Modules/_functoolsmodule.c -o build/temp.linux-x86_64-2.7/exp/si/barrand/usr/local/Python/2.7.8/Python-2.7.8/Modules/_functoolsmodule.o
gcc -pthread -shared build/temp.linux-x86_64-2.7/exp/si/barrand/usr/local/Python/2.7.8/Python-2.7.8/Modules/_functoolsmodule.o -L/usr/local/lib -L. -lpython2.7 -o build/lib.linux-x86_64-2.7/_functools.so
building '_json' extension
gcc -pthread -fPIC -fno-strict-aliasing -g -O2 -DNDEBUG -g -fwrapv -O3 -Wall -Wstrict-prototypes -I. -IInclude -I./Include -I/usr/local/include -I/exp/si/barrand/usr/local/Python/2.7.8/Python-2.7.8/Include -I/exp/si/barrand/usr/local/Python/2.7.8/Python-2.7.8 -c /exp/si/barrand/usr/local/Python/2.7.8/Python-2.7.8/Modules/_json.c -o build/temp.linux-x86_64-2.7/exp/si/barrand/usr/local/Python/2.7.8/Python-2.7.8/Modules/_json.o
gcc -pthread -shared build/temp.linux-x86_64-2.7/exp/si/barrand/usr/local/Python/2.7.8/Python-2.7.8/Modules/_json.o -L/usr/local/lib -L. -lpython2.7 -o build/lib.linux-x86_64-2.7/_json.so
building '_testcapi' extension
gcc -pthread -fPIC -fno-strict-aliasing -g -O2 -DNDEBUG -g -fwrapv -O3 -Wall -Wstrict-prototypes -I. -IInclude -I./Include -I/usr/local/include -I/exp/si/barrand/usr/local/Python/2.7.8/Python-2.7.8/Include -I/exp/si/barrand/usr/local/Python/2.7.8/Python-2.7.8 -c /exp/si/barrand/usr/local/Python/2.7.8/Python-2.7.8/Modules/_testcapimodule.c -o build/temp.linux-x86_64-2.7/exp/si/barrand/usr/local/Python/2.7.8/Python-2.7.8/Modules/_testcapimodule.o
gcc -pthread -shared build/temp.linux-x86_64-2.7/exp/si/barrand/usr/local/Python/2.7.8/Python-2.7.8/Modules/_testcapimodule.o -L/usr/local/lib -L. -lpython2.7 -o build/lib.linux-x86_64-2.7/_testcapi.so
building '_hotshot' extension
gcc -pthread -fPIC -fno-strict-aliasing -g -O2 -DNDEBUG -g -fwrapv -O3 -Wall -Wstrict-prototypes -I. -IInclude -I./Include -I/usr/local/include -I/exp/si/barrand/usr/local/Python/2.7.8/Python-2.7.8/Include -I/exp/si/barrand/usr/local/Python/2.7.8/Python-2.7.8 -c /exp/si/barrand/usr/local/Python/2.7.8/Python-2.7.8/Modules/_hotshot.c -o build/temp.linux-x86_64-2.7/exp/si/barrand/usr/local/Python/2.7.8/Python-2.7.8/Modules/_hotshot.o
gcc -pthread -shared build/temp.linux-x86_64-2.7/exp/si/barrand/usr/local/Python/2.7.8/Python-2.7.8/Modules/_hotshot.o -L/usr/local/lib -L. -lpython2.7 -o build/lib.linux-x86_64-2.7/_hotshot.so
building '_lsprof' extension
gcc -pthread -fPIC -fno-strict-aliasing -g -O2 -DNDEBUG -g -fwrapv -O3 -Wall -Wstrict-prototypes -I. -IInclude -I./Include -I/usr/local/include -I/exp/si/barrand/usr/local/Python/2.7.8/Python-2.7.8/Include -I/exp/si/barrand/usr/local/Python/2.7.8/Python-2.7.8 -c /exp/si/barrand/usr/local/Python/2.7.8/Python-2.7.8/Modules/_lsprof.c -o build/temp.linux-x86_64-2.7/exp/si/barrand/usr/local/Python/2.7.8/Python-2.7.8/Modules/_lsprof.o
gcc -pthread -fPIC -fno-strict-aliasing -g -O2 -DNDEBUG -g -fwrapv -O3 -Wall -Wstrict-prototypes -I. -IInclude -I./Include -I/usr/local/include -I/exp/si/barrand/usr/local/Python/2.7.8/Python-2.7.8/Include -I/exp/si/barrand/usr/local/Python/2.7.8/Python-2.7.8 -c /exp/si/barrand/usr/local/Python/2.7.8/Python-2.7.8/Modules/rotatingtree.c -o build/temp.linux-x86_64-2.7/exp/si/barrand/usr/local/Python/2.7.8/Python-2.7.8/Modules/rotatingtree.o
gcc -pthread -shared build/temp.linux-x86_64-2.7/exp/si/barrand/usr/local/Python/2.7.8/Python-2.7.8/Modules/_lsprof.o build/temp.linux-x86_64-2.7/exp/si/barrand/usr/local/Python/2.7.8/Python-2.7.8/Modules/rotatingtree.o -L/usr/local/lib -L. -lpython2.7 -o build/lib.linux-x86_64-2.7/_lsprof.so
building 'unicodedata' extension
gcc -pthread -fPIC -fno-strict-aliasing -g -O2 -DNDEBUG -g -fwrapv -O3 -Wall -Wstrict-prototypes -I. -IInclude -I./Include -I/usr/local/include -I/exp/si/barrand/usr/local/Python/2.7.8/Python-2.7.8/Include -I/exp/si/barrand/usr/local/Python/2.7.8/Python-2.7.8 -c /exp/si/barrand/usr/local/Python/2.7.8/Python-2.7.8/Modules/unicodedata.c -o build/temp.linux-x86_64-2.7/exp/si/barrand/usr/local/Python/2.7.8/Python-2.7.8/Modules/unicodedata.o
gcc -pthread -shared build/temp.linux-x86_64-2.7/exp/si/barrand/usr/local/Python/2.7.8/Python-2.7.8/Modules/unicodedata.o -L/usr/local/lib -L. -lpython2.7 -o build/lib.linux-x86_64-2.7/unicodedata.so
building '_locale' extension
gcc -pthread -fPIC -fno-strict-aliasing -g -O2 -DNDEBUG -g -fwrapv -O3 -Wall -Wstrict-prototypes -I. -IInclude -I./Include -I/usr/local/include -I/exp/si/barrand/usr/local/Python/2.7.8/Python-2.7.8/Include -I/exp/si/barrand/usr/local/Python/2.7.8/Python-2.7.8 -c /exp/si/barrand/usr/local/Python/2.7.8/Python-2.7.8/Modules/_localemodule.c -o build/temp.linux-x86_64-2.7/exp/si/barrand/usr/local/Python/2.7.8/Python-2.7.8/Modules/_localemodule.o
gcc -pthread -shared build/temp.linux-x86_64-2.7/exp/si/barrand/usr/local/Python/2.7.8/Python-2.7.8/Modules/_localemodule.o -L/usr/local/lib -L. -lpython2.7 -o build/lib.linux-x86_64-2.7/_locale.so
building 'fcntl' extension
gcc -pthread -fPIC -fno-strict-aliasing -g -O2 -DNDEBUG -g -fwrapv -O3 -Wall -Wstrict-prototypes -I. -IInclude -I./Include -I/usr/local/include -I/exp/si/barrand/usr/local/Python/2.7.8/Python-2.7.8/Include -I/exp/si/barrand/usr/local/Python/2.7.8/Python-2.7.8 -c /exp/si/barrand/usr/local/Python/2.7.8/Python-2.7.8/Modules/fcntlmodule.c -o build/temp.linux-x86_64-2.7/exp/si/barrand/usr/local/Python/2.7.8/Python-2.7.8/Modules/fcntlmodule.o
gcc -pthread -shared build/temp.linux-x86_64-2.7/exp/si/barrand/usr/local/Python/2.7.8/Python-2.7.8/Modules/fcntlmodule.o -L/usr/local/lib -L. -lpython2.7 -o build/lib.linux-x86_64-2.7/fcntl.so
building 'grp' extension
gcc -pthread -fPIC -fno-strict-aliasing -g -O2 -DNDEBUG -g -fwrapv -O3 -Wall -Wstrict-prototypes -I. -IInclude -I./Include -I/usr/local/include -I/exp/si/barrand/usr/local/Python/2.7.8/Python-2.7.8/Include -I/exp/si/barrand/usr/local/Python/2.7.8/Python-2.7.8 -c /exp/si/barrand/usr/local/Python/2.7.8/Python-2.7.8/Modules/grpmodule.c -o build/temp.linux-x86_64-2.7/exp/si/barrand/usr/local/Python/2.7.8/Python-2.7.8/Modules/grpmodule.o
gcc -pthread -shared build/temp.linux-x86_64-2.7/exp/si/barrand/usr/local/Python/2.7.8/Python-2.7.8/Modules/grpmodule.o -L/usr/local/lib -L. -lpython2.7 -o build/lib.linux-x86_64-2.7/grp.so
building 'spwd' extension
gcc -pthread -fPIC -fno-strict-aliasing -g -O2 -DNDEBUG -g -fwrapv -O3 -Wall -Wstrict-prototypes -I. -IInclude -I./Include -I/usr/local/include -I/exp/si/barrand/usr/local/Python/2.7.8/Python-2.7.8/Include -I/exp/si/barrand/usr/local/Python/2.7.8/Python-2.7.8 -c /exp/si/barrand/usr/local/Python/2.7.8/Python-2.7.8/Modules/spwdmodule.c -o build/temp.linux-x86_64-2.7/exp/si/barrand/usr/local/Python/2.7.8/Python-2.7.8/Modules/spwdmodule.o
gcc -pthread -shared build/temp.linux-x86_64-2.7/exp/si/barrand/usr/local/Python/2.7.8/Python-2.7.8/Modules/spwdmodule.o -L/usr/local/lib -L. -lpython2.7 -o build/lib.linux-x86_64-2.7/spwd.so
building 'select' extension
gcc -pthread -fPIC -fno-strict-aliasing -g -O2 -DNDEBUG -g -fwrapv -O3 -Wall -Wstrict-prototypes -I. -IInclude -I./Include -I/usr/local/include -I/exp/si/barrand/usr/local/Python/2.7.8/Python-2.7.8/Include -I/exp/si/barrand/usr/local/Python/2.7.8/Python-2.7.8 -c /exp/si/barrand/usr/local/Python/2.7.8/Python-2.7.8/Modules/selectmodule.c -o build/temp.linux-x86_64-2.7/exp/si/barrand/usr/local/Python/2.7.8/Python-2.7.8/Modules/selectmodule.o
gcc -pthread -shared build/temp.linux-x86_64-2.7/exp/si/barrand/usr/local/Python/2.7.8/Python-2.7.8/Modules/selectmodule.o -L/usr/local/lib -L. -lpython2.7 -o build/lib.linux-x86_64-2.7/select.so
building 'parser' extension
gcc -pthread -fPIC -fno-strict-aliasing -g -O2 -DNDEBUG -g -fwrapv -O3 -Wall -Wstrict-prototypes -I. -IInclude -I./Include -I/usr/local/include -I/exp/si/barrand/usr/local/Python/2.7.8/Python-2.7.8/Include -I/exp/si/barrand/usr/local/Python/2.7.8/Python-2.7.8 -c /exp/si/barrand/usr/local/Python/2.7.8/Python-2.7.8/Modules/parsermodule.c -o build/temp.linux-x86_64-2.7/exp/si/barrand/usr/local/Python/2.7.8/Python-2.7.8/Modules/parsermodule.o
gcc -pthread -shared build/temp.linux-x86_64-2.7/exp/si/barrand/usr/local/Python/2.7.8/Python-2.7.8/Modules/parsermodule.o -L/usr/local/lib -L. -lpython2.7 -o build/lib.linux-x86_64-2.7/parser.so
building 'cStringIO' extension
gcc -pthread -fPIC -fno-strict-aliasing -g -O2 -DNDEBUG -g -fwrapv -O3 -Wall -Wstrict-prototypes -I. -IInclude -I./Include -I/usr/local/include -I/exp/si/barrand/usr/local/Python/2.7.8/Python-2.7.8/Include -I/exp/si/barrand/usr/local/Python/2.7.8/Python-2.7.8 -c /exp/si/barrand/usr/local/Python/2.7.8/Python-2.7.8/Modules/cStringIO.c -o build/temp.linux-x86_64-2.7/exp/si/barrand/usr/local/Python/2.7.8/Python-2.7.8/Modules/cStringIO.o
gcc -pthread -shared build/temp.linux-x86_64-2.7/exp/si/barrand/usr/local/Python/2.7.8/Python-2.7.8/Modules/cStringIO.o -L/usr/local/lib -L. -lpython2.7 -o build/lib.linux-x86_64-2.7/cStringIO.so
building 'cPickle' extension
gcc -pthread -fPIC -fno-strict-aliasing -g -O2 -DNDEBUG -g -fwrapv -O3 -Wall -Wstrict-prototypes -I. -IInclude -I./Include -I/usr/local/include -I/exp/si/barrand/usr/local/Python/2.7.8/Python-2.7.8/Include -I/exp/si/barrand/usr/local/Python/2.7.8/Python-2.7.8 -c /exp/si/barrand/usr/local/Python/2.7.8/Python-2.7.8/Modules/cPickle.c -o build/temp.linux-x86_64-2.7/exp/si/barrand/usr/local/Python/2.7.8/Python-2.7.8/Modules/cPickle.o
/exp/si/barrand/usr/local/Python/2.7.8/Python-2.7.8/Modules/cPickle.c: In function 'read_cStringIO':
/exp/si/barrand/usr/local/Python/2.7.8/Python-2.7.8/Modules/cPickle.c:617: warning: 'start' may be used uninitialized in this function
gcc -pthread -shared build/temp.linux-x86_64-2.7/exp/si/barrand/usr/local/Python/2.7.8/Python-2.7.8/Modules/cPickle.o -L/usr/local/lib -L. -lpython2.7 -o build/lib.linux-x86_64-2.7/cPickle.so
building 'mmap' extension
gcc -pthread -fPIC -fno-strict-aliasing -g -O2 -DNDEBUG -g -fwrapv -O3 -Wall -Wstrict-prototypes -I. -IInclude -I./Include -I/usr/local/include -I/exp/si/barrand/usr/local/Python/2.7.8/Python-2.7.8/Include -I/exp/si/barrand/usr/local/Python/2.7.8/Python-2.7.8 -c /exp/si/barrand/usr/local/Python/2.7.8/Python-2.7.8/Modules/mmapmodule.c -o build/temp.linux-x86_64-2.7/exp/si/barrand/usr/local/Python/2.7.8/Python-2.7.8/Modules/mmapmodule.o
gcc -pthread -shared build/temp.linux-x86_64-2.7/exp/si/barrand/usr/local/Python/2.7.8/Python-2.7.8/Modules/mmapmodule.o -L/usr/local/lib -L. -lpython2.7 -o build/lib.linux-x86_64-2.7/mmap.so
building 'syslog' extension
gcc -pthread -fPIC -fno-strict-aliasing -g -O2 -DNDEBUG -g -fwrapv -O3 -Wall -Wstrict-prototypes -I. -IInclude -I./Include -I/usr/local/include -I/exp/si/barrand/usr/local/Python/2.7.8/Python-2.7.8/Include -I/exp/si/barrand/usr/local/Python/2.7.8/Python-2.7.8 -c /exp/si/barrand/usr/local/Python/2.7.8/Python-2.7.8/Modules/syslogmodule.c -o build/temp.linux-x86_64-2.7/exp/si/barrand/usr/local/Python/2.7.8/Python-2.7.8/Modules/syslogmodule.o
gcc -pthread -shared build/temp.linux-x86_64-2.7/exp/si/barrand/usr/local/Python/2.7.8/Python-2.7.8/Modules/syslogmodule.o -L/usr/local/lib -L. -lpython2.7 -o build/lib.linux-x86_64-2.7/syslog.so
building 'audioop' extension
gcc -pthread -fPIC -fno-strict-aliasing -g -O2 -DNDEBUG -g -fwrapv -O3 -Wall -Wstrict-prototypes -I. -IInclude -I./Include -I/usr/local/include -I/exp/si/barrand/usr/local/Python/2.7.8/Python-2.7.8/Include -I/exp/si/barrand/usr/local/Python/2.7.8/Python-2.7.8 -c /exp/si/barrand/usr/local/Python/2.7.8/Python-2.7.8/Modules/audioop.c -o build/temp.linux-x86_64-2.7/exp/si/barrand/usr/local/Python/2.7.8/Python-2.7.8/Modules/audioop.o
gcc -pthread -shared build/temp.linux-x86_64-2.7/exp/si/barrand/usr/local/Python/2.7.8/Python-2.7.8/Modules/audioop.o -L/usr/local/lib -L. -lpython2.7 -o build/lib.linux-x86_64-2.7/audioop.so
building 'crypt' extension
gcc -pthread -fPIC -fno-strict-aliasing -g -O2 -DNDEBUG -g -fwrapv -O3 -Wall -Wstrict-prototypes -I. -IInclude -I./Include -I/usr/local/include -I/exp/si/barrand/usr/local/Python/2.7.8/Python-2.7.8/Include -I/exp/si/barrand/usr/local/Python/2.7.8/Python-2.7.8 -c /exp/si/barrand/usr/local/Python/2.7.8/Python-2.7.8/Modules/cryptmodule.c -o build/temp.linux-x86_64-2.7/exp/si/barrand/usr/local/Python/2.7.8/Python-2.7.8/Modules/cryptmodule.o
gcc -pthread -shared build/temp.linux-x86_64-2.7/exp/si/barrand/usr/local/Python/2.7.8/Python-2.7.8/Modules/cryptmodule.o -L/usr/local/lib -L. -lcrypt -lpython2.7 -o build/lib.linux-x86_64-2.7/crypt.so
building '_csv' extension
gcc -pthread -fPIC -fno-strict-aliasing -g -O2 -DNDEBUG -g -fwrapv -O3 -Wall -Wstrict-prototypes -I. -IInclude -I./Include -I/usr/local/include -I/exp/si/barrand/usr/local/Python/2.7.8/Python-2.7.8/Include -I/exp/si/barrand/usr/local/Python/2.7.8/Python-2.7.8 -c /exp/si/barrand/usr/local/Python/2.7.8/Python-2.7.8/Modules/_csv.c -o build/temp.linux-x86_64-2.7/exp/si/barrand/usr/local/Python/2.7.8/Python-2.7.8/Modules/_csv.o
gcc -pthread -shared build/temp.linux-x86_64-2.7/exp/si/barrand/usr/local/Python/2.7.8/Python-2.7.8/Modules/_csv.o -L/usr/local/lib -L. -lpython2.7 -o build/lib.linux-x86_64-2.7/_csv.so
building '_socket' extension
gcc -pthread -fPIC -fno-strict-aliasing -g -O2 -DNDEBUG -g -fwrapv -O3 -Wall -Wstrict-prototypes -I. -IInclude -I./Include -I/usr/local/include -I/exp/si/barrand/usr/local/Python/2.7.8/Python-2.7.8/Include -I/exp/si/barrand/usr/local/Python/2.7.8/Python-2.7.8 -c /exp/si/barrand/usr/local/Python/2.7.8/Python-2.7.8/Modules/socketmodule.c -o build/temp.linux-x86_64-2.7/exp/si/barrand/usr/local/Python/2.7.8/Python-2.7.8/Modules/socketmodule.o
gcc -pthread -fPIC -fno-strict-aliasing -g -O2 -DNDEBUG -g -fwrapv -O3 -Wall -Wstrict-prototypes -I. -IInclude -I./Include -I/usr/local/include -I/exp/si/barrand/usr/local/Python/2.7.8/Python-2.7.8/Include -I/exp/si/barrand/usr/local/Python/2.7.8/Python-2.7.8 -c /exp/si/barrand/usr/local/Python/2.7.8/Python-2.7.8/Modules/timemodule.c -o build/temp.linux-x86_64-2.7/exp/si/barrand/usr/local/Python/2.7.8/Python-2.7.8/Modules/timemodule.o
gcc -pthread -shared build/temp.linux-x86_64-2.7/exp/si/barrand/usr/local/Python/2.7.8/Python-2.7.8/Modules/socketmodule.o build/temp.linux-x86_64-2.7/exp/si/barrand/usr/local/Python/2.7.8/Python-2.7.8/Modules/timemodule.o -L/usr/local/lib -L. -lm -lpython2.7 -o build/lib.linux-x86_64-2.7/_socket.so
building '_ssl' extension
gcc -pthread -fPIC -fno-strict-aliasing -g -O2 -DNDEBUG -g -fwrapv -O3 -Wall -Wstrict-prototypes -I. -IInclude -I./Include -I/usr/local/include -I/exp/si/barrand/usr/local/Python/2.7.8/Python-2.7.8/Include -I/exp/si/barrand/usr/local/Python/2.7.8/Python-2.7.8 -c /exp/si/barrand/usr/local/Python/2.7.8/Python-2.7.8/Modules/_ssl.c -o build/temp.linux-x86_64-2.7/exp/si/barrand/usr/local/Python/2.7.8/Python-2.7.8/Modules/_ssl.o
gcc -pthread -shared build/temp.linux-x86_64-2.7/exp/si/barrand/usr/local/Python/2.7.8/Python-2.7.8/Modules/_ssl.o -L/usr/local/lib -L. -lssl -lcrypto -lpython2.7 -o build/lib.linux-x86_64-2.7/_ssl.so
building '_hashlib' extension
gcc -pthread -fPIC -fno-strict-aliasing -g -O2 -DNDEBUG -g -fwrapv -O3 -Wall -Wstrict-prototypes -I. -IInclude -I./Include -I/usr/local/include -I/exp/si/barrand/usr/local/Python/2.7.8/Python-2.7.8/Include -I/exp/si/barrand/usr/local/Python/2.7.8/Python-2.7.8 -c /exp/si/barrand/usr/local/Python/2.7.8/Python-2.7.8/Modules/_hashopenssl.c -o build/temp.linux-x86_64-2.7/exp/si/barrand/usr/local/Python/2.7.8/Python-2.7.8/Modules/_hashopenssl.o
gcc -pthread -shared build/temp.linux-x86_64-2.7/exp/si/barrand/usr/local/Python/2.7.8/Python-2.7.8/Modules/_hashopenssl.o -L/usr/local/lib -L. -lssl -lcrypto -lpython2.7 -o build/lib.linux-x86_64-2.7/_hashlib.so
building '_bsddb' extension
gcc -pthread -fPIC -fno-strict-aliasing -g -O2 -DNDEBUG -g -fwrapv -O3 -Wall -Wstrict-prototypes -I/usr/include -I. -IInclude -I./Include -I/usr/local/include -I/exp/si/barrand/usr/local/Python/2.7.8/Python-2.7.8/Include -I/exp/si/barrand/usr/local/Python/2.7.8/Python-2.7.8 -c /exp/si/barrand/usr/local/Python/2.7.8/Python-2.7.8/Modules/_bsddb.c -o build/temp.linux-x86_64-2.7/exp/si/barrand/usr/local/Python/2.7.8/Python-2.7.8/Modules/_bsddb.o
gcc -pthread -shared build/temp.linux-x86_64-2.7/exp/si/barrand/usr/local/Python/2.7.8/Python-2.7.8/Modules/_bsddb.o -L/usr/lib64 -L/usr/local/lib -L. -Wl,-R/usr/lib64 -ldb-4.7 -lpython2.7 -o build/lib.linux-x86_64-2.7/_bsddb.so
building 'dbm' extension
gcc -pthread -fPIC -fno-strict-aliasing -g -O2 -DNDEBUG -g -fwrapv -O3 -Wall -Wstrict-prototypes -DHAVE_GDBM_NDBM_H -I. -IInclude -I./Include -I/usr/local/include -I/exp/si/barrand/usr/local/Python/2.7.8/Python-2.7.8/Include -I/exp/si/barrand/usr/local/Python/2.7.8/Python-2.7.8 -c /exp/si/barrand/usr/local/Python/2.7.8/Python-2.7.8/Modules/dbmmodule.c -o build/temp.linux-x86_64-2.7/exp/si/barrand/usr/local/Python/2.7.8/Python-2.7.8/Modules/dbmmodule.o
gcc -pthread -shared build/temp.linux-x86_64-2.7/exp/si/barrand/usr/local/Python/2.7.8/Python-2.7.8/Modules/dbmmodule.o -L/usr/local/lib -L. -lgdbm -lpython2.7 -o build/lib.linux-x86_64-2.7/dbm.so
building 'gdbm' extension
gcc -pthread -fPIC -fno-strict-aliasing -g -O2 -DNDEBUG -g -fwrapv -O3 -Wall -Wstrict-prototypes -I. -IInclude -I./Include -I/usr/local/include -I/exp/si/barrand/usr/local/Python/2.7.8/Python-2.7.8/Include -I/exp/si/barrand/usr/local/Python/2.7.8/Python-2.7.8 -c /exp/si/barrand/usr/local/Python/2.7.8/Python-2.7.8/Modules/gdbmmodule.c -o build/temp.linux-x86_64-2.7/exp/si/barrand/usr/local/Python/2.7.8/Python-2.7.8/Modules/gdbmmodule.o
gcc -pthread -shared build/temp.linux-x86_64-2.7/exp/si/barrand/usr/local/Python/2.7.8/Python-2.7.8/Modules/gdbmmodule.o -L/usr/local/lib -L. -lgdbm -lpython2.7 -o build/lib.linux-x86_64-2.7/gdbm.so
building 'termios' extension
gcc -pthread -fPIC -fno-strict-aliasing -g -O2 -DNDEBUG -g -fwrapv -O3 -Wall -Wstrict-prototypes -I. -IInclude -I./Include -I/usr/local/include -I/exp/si/barrand/usr/local/Python/2.7.8/Python-2.7.8/Include -I/exp/si/barrand/usr/local/Python/2.7.8/Python-2.7.8 -c /exp/si/barrand/usr/local/Python/2.7.8/Python-2.7.8/Modules/termios.c -o build/temp.linux-x86_64-2.7/exp/si/barrand/usr/local/Python/2.7.8/Python-2.7.8/Modules/termios.o
gcc -pthread -shared build/temp.linux-x86_64-2.7/exp/si/barrand/usr/local/Python/2.7.8/Python-2.7.8/Modules/termios.o -L/usr/local/lib -L. -lpython2.7 -o build/lib.linux-x86_64-2.7/termios.so
building 'resource' extension
gcc -pthread -fPIC -fno-strict-aliasing -g -O2 -DNDEBUG -g -fwrapv -O3 -Wall -Wstrict-prototypes -I. -IInclude -I./Include -I/usr/local/include -I/exp/si/barrand/usr/local/Python/2.7.8/Python-2.7.8/Include -I/exp/si/barrand/usr/local/Python/2.7.8/Python-2.7.8 -c /exp/si/barrand/usr/local/Python/2.7.8/Python-2.7.8/Modules/resource.c -o build/temp.linux-x86_64-2.7/exp/si/barrand/usr/local/Python/2.7.8/Python-2.7.8/Modules/resource.o
gcc -pthread -shared build/temp.linux-x86_64-2.7/exp/si/barrand/usr/local/Python/2.7.8/Python-2.7.8/Modules/resource.o -L/usr/local/lib -L. -lpython2.7 -o build/lib.linux-x86_64-2.7/resource.so
building 'nis' extension
gcc -pthread -fPIC -fno-strict-aliasing -g -O2 -DNDEBUG -g -fwrapv -O3 -Wall -Wstrict-prototypes -I. -IInclude -I./Include -I/usr/local/include -I/exp/si/barrand/usr/local/Python/2.7.8/Python-2.7.8/Include -I/exp/si/barrand/usr/local/Python/2.7.8/Python-2.7.8 -c /exp/si/barrand/usr/local/Python/2.7.8/Python-2.7.8/Modules/nismodule.c -o build/temp.linux-x86_64-2.7/exp/si/barrand/usr/local/Python/2.7.8/Python-2.7.8/Modules/nismodule.o
gcc -pthread -shared build/temp.linux-x86_64-2.7/exp/si/barrand/usr/local/Python/2.7.8/Python-2.7.8/Modules/nismodule.o -L/usr/local/lib -L. -lnsl -lpython2.7 -o build/lib.linux-x86_64-2.7/nis.so
building '_curses' extension
gcc -pthread -fPIC -fno-strict-aliasing -g -O2 -DNDEBUG -g -fwrapv -O3 -Wall -Wstrict-prototypes -I. -IInclude -I./Include -I/usr/local/include -I/exp/si/barrand/usr/local/Python/2.7.8/Python-2.7.8/Include -I/exp/si/barrand/usr/local/Python/2.7.8/Python-2.7.8 -c /exp/si/barrand/usr/local/Python/2.7.8/Python-2.7.8/Modules/_cursesmodule.c -o build/temp.linux-x86_64-2.7/exp/si/barrand/usr/local/Python/2.7.8/Python-2.7.8/Modules/_cursesmodule.o
gcc -pthread -shared build/temp.linux-x86_64-2.7/exp/si/barrand/usr/local/Python/2.7.8/Python-2.7.8/Modules/_cursesmodule.o -L/usr/local/lib -L. -lncursesw -lpython2.7 -o build/lib.linux-x86_64-2.7/_curses.so
building '_curses_panel' extension
gcc -pthread -fPIC -fno-strict-aliasing -g -O2 -DNDEBUG -g -fwrapv -O3 -Wall -Wstrict-prototypes -I. -IInclude -I./Include -I/usr/local/include -I/exp/si/barrand/usr/local/Python/2.7.8/Python-2.7.8/Include -I/exp/si/barrand/usr/local/Python/2.7.8/Python-2.7.8 -c /exp/si/barrand/usr/local/Python/2.7.8/Python-2.7.8/Modules/_curses_panel.c -o build/temp.linux-x86_64-2.7/exp/si/barrand/usr/local/Python/2.7.8/Python-2.7.8/Modules/_curses_panel.o
gcc -pthread -shared build/temp.linux-x86_64-2.7/exp/si/barrand/usr/local/Python/2.7.8/Python-2.7.8/Modules/_curses_panel.o -L/usr/local/lib -L. -lpanelw -lncursesw -lpython2.7 -o build/lib.linux-x86_64-2.7/_curses_panel.so
building 'zlib' extension
gcc -pthread -fPIC -fno-strict-aliasing -g -O2 -DNDEBUG -g -fwrapv -O3 -Wall -Wstrict-prototypes -I. -IInclude -I./Include -I/usr/local/include -I/exp/si/barrand/usr/local/Python/2.7.8/Python-2.7.8/Include -I/exp/si/barrand/usr/local/Python/2.7.8/Python-2.7.8 -c /exp/si/barrand/usr/local/Python/2.7.8/Python-2.7.8/Modules/zlibmodule.c -o build/temp.linux-x86_64-2.7/exp/si/barrand/usr/local/Python/2.7.8/Python-2.7.8/Modules/zlibmodule.o
gcc -pthread -shared build/temp.linux-x86_64-2.7/exp/si/barrand/usr/local/Python/2.7.8/Python-2.7.8/Modules/zlibmodule.o -L/usr/local/lib -L. -lz -lpython2.7 -o build/lib.linux-x86_64-2.7/zlib.so
building 'binascii' extension
gcc -pthread -fPIC -fno-strict-aliasing -g -O2 -DNDEBUG -g -fwrapv -O3 -Wall -Wstrict-prototypes -I. -IInclude -I./Include -I/usr/local/include -I/exp/si/barrand/usr/local/Python/2.7.8/Python-2.7.8/Include -I/exp/si/barrand/usr/local/Python/2.7.8/Python-2.7.8 -c /exp/si/barrand/usr/local/Python/2.7.8/Python-2.7.8/Modules/binascii.c -o build/temp.linux-x86_64-2.7/exp/si/barrand/usr/local/Python/2.7.8/Python-2.7.8/Modules/binascii.o -DUSE_ZLIB_CRC32
gcc -pthread -shared build/temp.linux-x86_64-2.7/exp/si/barrand/usr/local/Python/2.7.8/Python-2.7.8/Modules/binascii.o -L/usr/local/lib -L. -lz -lpython2.7 -o build/lib.linux-x86_64-2.7/binascii.so
building 'bz2' extension
gcc -pthread -fPIC -fno-strict-aliasing -g -O2 -DNDEBUG -g -fwrapv -O3 -Wall -Wstrict-prototypes -I. -IInclude -I./Include -I/usr/local/include -I/exp/si/barrand/usr/local/Python/2.7.8/Python-2.7.8/Include -I/exp/si/barrand/usr/local/Python/2.7.8/Python-2.7.8 -c /exp/si/barrand/usr/local/Python/2.7.8/Python-2.7.8/Modules/bz2module.c -o build/temp.linux-x86_64-2.7/exp/si/barrand/usr/local/Python/2.7.8/Python-2.7.8/Modules/bz2module.o
gcc -pthread -shared build/temp.linux-x86_64-2.7/exp/si/barrand/usr/local/Python/2.7.8/Python-2.7.8/Modules/bz2module.o -L/usr/local/lib -L. -lbz2 -lpython2.7 -o build/lib.linux-x86_64-2.7/bz2.so
building 'pyexpat' extension
creating build/temp.linux-x86_64-2.7/exp/si/barrand/usr/local/Python/2.7.8/Python-2.7.8/Modules/expat
gcc -pthread -fPIC -fno-strict-aliasing -g -O2 -DNDEBUG -g -fwrapv -O3 -Wall -Wstrict-prototypes -DHAVE_EXPAT_CONFIG_H=1 -DUSE_PYEXPAT_CAPI -I/exp/si/barrand/usr/local/Python/2.7.8/Python-2.7.8/./Modules/expat -I. -IInclude -I./Include -I/usr/local/include -I/exp/si/barrand/usr/local/Python/2.7.8/Python-2.7.8/Include -I/exp/si/barrand/usr/local/Python/2.7.8/Python-2.7.8 -c /exp/si/barrand/usr/local/Python/2.7.8/Python-2.7.8/Modules/pyexpat.c -o build/temp.linux-x86_64-2.7/exp/si/barrand/usr/local/Python/2.7.8/Python-2.7.8/Modules/pyexpat.o
gcc -pthread -fPIC -fno-strict-aliasing -g -O2 -DNDEBUG -g -fwrapv -O3 -Wall -Wstrict-prototypes -DHAVE_EXPAT_CONFIG_H=1 -DUSE_PYEXPAT_CAPI -I/exp/si/barrand/usr/local/Python/2.7.8/Python-2.7.8/./Modules/expat -I. -IInclude -I./Include -I/usr/local/include -I/exp/si/barrand/usr/local/Python/2.7.8/Python-2.7.8/Include -I/exp/si/barrand/usr/local/Python/2.7.8/Python-2.7.8 -c /exp/si/barrand/usr/local/Python/2.7.8/Python-2.7.8/Modules/expat/xmlparse.c -o build/temp.linux-x86_64-2.7/exp/si/barrand/usr/local/Python/2.7.8/Python-2.7.8/Modules/expat/xmlparse.o
In file included from /exp/si/barrand/usr/local/Python/2.7.8/Python-2.7.8/./Modules/expat/expat_config.h:8,
                 from /exp/si/barrand/usr/local/Python/2.7.8/Python-2.7.8/Modules/expat/xmlparse.c:22:
./pyconfig.h:1182:1: warning: "_POSIX_C_SOURCE" redefined
In file included from /usr/include/string.h:27,
                 from /exp/si/barrand/usr/local/Python/2.7.8/Python-2.7.8/Modules/expat/xmlparse.c:6:
/usr/include/features.h:213:1: warning: this is the location of the previous definition
gcc -pthread -fPIC -fno-strict-aliasing -g -O2 -DNDEBUG -g -fwrapv -O3 -Wall -Wstrict-prototypes -DHAVE_EXPAT_CONFIG_H=1 -DUSE_PYEXPAT_CAPI -I/exp/si/barrand/usr/local/Python/2.7.8/Python-2.7.8/./Modules/expat -I. -IInclude -I./Include -I/usr/local/include -I/exp/si/barrand/usr/local/Python/2.7.8/Python-2.7.8/Include -I/exp/si/barrand/usr/local/Python/2.7.8/Python-2.7.8 -c /exp/si/barrand/usr/local/Python/2.7.8/Python-2.7.8/Modules/expat/xmlrole.c -o build/temp.linux-x86_64-2.7/exp/si/barrand/usr/local/Python/2.7.8/Python-2.7.8/Modules/expat/xmlrole.o
gcc -pthread -fPIC -fno-strict-aliasing -g -O2 -DNDEBUG -g -fwrapv -O3 -Wall -Wstrict-prototypes -DHAVE_EXPAT_CONFIG_H=1 -DUSE_PYEXPAT_CAPI -I/exp/si/barrand/usr/local/Python/2.7.8/Python-2.7.8/./Modules/expat -I. -IInclude -I./Include -I/usr/local/include -I/exp/si/barrand/usr/local/Python/2.7.8/Python-2.7.8/Include -I/exp/si/barrand/usr/local/Python/2.7.8/Python-2.7.8 -c /exp/si/barrand/usr/local/Python/2.7.8/Python-2.7.8/Modules/expat/xmltok.c -o build/temp.linux-x86_64-2.7/exp/si/barrand/usr/local/Python/2.7.8/Python-2.7.8/Modules/expat/xmltok.o
gcc -pthread -shared build/temp.linux-x86_64-2.7/exp/si/barrand/usr/local/Python/2.7.8/Python-2.7.8/Modules/pyexpat.o build/temp.linux-x86_64-2.7/exp/si/barrand/usr/local/Python/2.7.8/Python-2.7.8/Modules/expat/xmlparse.o build/temp.linux-x86_64-2.7/exp/si/barrand/usr/local/Python/2.7.8/Python-2.7.8/Modules/expat/xmlrole.o build/temp.linux-x86_64-2.7/exp/si/barrand/usr/local/Python/2.7.8/Python-2.7.8/Modules/expat/xmltok.o -L/usr/local/lib -L. -lpython2.7 -o build/lib.linux-x86_64-2.7/pyexpat.so
building '_elementtree' extension
gcc -pthread -fPIC -fno-strict-aliasing -g -O2 -DNDEBUG -g -fwrapv -O3 -Wall -Wstrict-prototypes -DHAVE_EXPAT_CONFIG_H=1 -DUSE_PYEXPAT_CAPI -I/exp/si/barrand/usr/local/Python/2.7.8/Python-2.7.8/./Modules/expat -I. -IInclude -I./Include -I/usr/local/include -I/exp/si/barrand/usr/local/Python/2.7.8/Python-2.7.8/Include -I/exp/si/barrand/usr/local/Python/2.7.8/Python-2.7.8 -c /exp/si/barrand/usr/local/Python/2.7.8/Python-2.7.8/Modules/_elementtree.c -o build/temp.linux-x86_64-2.7/exp/si/barrand/usr/local/Python/2.7.8/Python-2.7.8/Modules/_elementtree.o
gcc -pthread -shared build/temp.linux-x86_64-2.7/exp/si/barrand/usr/local/Python/2.7.8/Python-2.7.8/Modules/_elementtree.o -L/usr/local/lib -L. -lpython2.7 -o build/lib.linux-x86_64-2.7/_elementtree.so
building '_multibytecodec' extension
creating build/temp.linux-x86_64-2.7/exp/si/barrand/usr/local/Python/2.7.8/Python-2.7.8/Modules/cjkcodecs
gcc -pthread -fPIC -fno-strict-aliasing -g -O2 -DNDEBUG -g -fwrapv -O3 -Wall -Wstrict-prototypes -I. -IInclude -I./Include -I/usr/local/include -I/exp/si/barrand/usr/local/Python/2.7.8/Python-2.7.8/Include -I/exp/si/barrand/usr/local/Python/2.7.8/Python-2.7.8 -c /exp/si/barrand/usr/local/Python/2.7.8/Python-2.7.8/Modules/cjkcodecs/multibytecodec.c -o build/temp.linux-x86_64-2.7/exp/si/barrand/usr/local/Python/2.7.8/Python-2.7.8/Modules/cjkcodecs/multibytecodec.o
gcc -pthread -shared build/temp.linux-x86_64-2.7/exp/si/barrand/usr/local/Python/2.7.8/Python-2.7.8/Modules/cjkcodecs/multibytecodec.o -L/usr/local/lib -L. -lpython2.7 -o build/lib.linux-x86_64-2.7/_multibytecodec.so
building '_codecs_kr' extension
gcc -pthread -fPIC -fno-strict-aliasing -g -O2 -DNDEBUG -g -fwrapv -O3 -Wall -Wstrict-prototypes -I. -IInclude -I./Include -I/usr/local/include -I/exp/si/barrand/usr/local/Python/2.7.8/Python-2.7.8/Include -I/exp/si/barrand/usr/local/Python/2.7.8/Python-2.7.8 -c /exp/si/barrand/usr/local/Python/2.7.8/Python-2.7.8/Modules/cjkcodecs/_codecs_kr.c -o build/temp.linux-x86_64-2.7/exp/si/barrand/usr/local/Python/2.7.8/Python-2.7.8/Modules/cjkcodecs/_codecs_kr.o
gcc -pthread -shared build/temp.linux-x86_64-2.7/exp/si/barrand/usr/local/Python/2.7.8/Python-2.7.8/Modules/cjkcodecs/_codecs_kr.o -L/usr/local/lib -L. -lpython2.7 -o build/lib.linux-x86_64-2.7/_codecs_kr.so
building '_codecs_jp' extension
gcc -pthread -fPIC -fno-strict-aliasing -g -O2 -DNDEBUG -g -fwrapv -O3 -Wall -Wstrict-prototypes -I. -IInclude -I./Include -I/usr/local/include -I/exp/si/barrand/usr/local/Python/2.7.8/Python-2.7.8/Include -I/exp/si/barrand/usr/local/Python/2.7.8/Python-2.7.8 -c /exp/si/barrand/usr/local/Python/2.7.8/Python-2.7.8/Modules/cjkcodecs/_codecs_jp.c -o build/temp.linux-x86_64-2.7/exp/si/barrand/usr/local/Python/2.7.8/Python-2.7.8/Modules/cjkcodecs/_codecs_jp.o
gcc -pthread -shared build/temp.linux-x86_64-2.7/exp/si/barrand/usr/local/Python/2.7.8/Python-2.7.8/Modules/cjkcodecs/_codecs_jp.o -L/usr/local/lib -L. -lpython2.7 -o build/lib.linux-x86_64-2.7/_codecs_jp.so
building '_codecs_cn' extension
gcc -pthread -fPIC -fno-strict-aliasing -g -O2 -DNDEBUG -g -fwrapv -O3 -Wall -Wstrict-prototypes -I. -IInclude -I./Include -I/usr/local/include -I/exp/si/barrand/usr/local/Python/2.7.8/Python-2.7.8/Include -I/exp/si/barrand/usr/local/Python/2.7.8/Python-2.7.8 -c /exp/si/barrand/usr/local/Python/2.7.8/Python-2.7.8/Modules/cjkcodecs/_codecs_cn.c -o build/temp.linux-x86_64-2.7/exp/si/barrand/usr/local/Python/2.7.8/Python-2.7.8/Modules/cjkcodecs/_codecs_cn.o
gcc -pthread -shared build/temp.linux-x86_64-2.7/exp/si/barrand/usr/local/Python/2.7.8/Python-2.7.8/Modules/cjkcodecs/_codecs_cn.o -L/usr/local/lib -L. -lpython2.7 -o build/lib.linux-x86_64-2.7/_codecs_cn.so
building '_codecs_tw' extension
gcc -pthread -fPIC -fno-strict-aliasing -g -O2 -DNDEBUG -g -fwrapv -O3 -Wall -Wstrict-prototypes -I. -IInclude -I./Include -I/usr/local/include -I/exp/si/barrand/usr/local/Python/2.7.8/Python-2.7.8/Include -I/exp/si/barrand/usr/local/Python/2.7.8/Python-2.7.8 -c /exp/si/barrand/usr/local/Python/2.7.8/Python-2.7.8/Modules/cjkcodecs/_codecs_tw.c -o build/temp.linux-x86_64-2.7/exp/si/barrand/usr/local/Python/2.7.8/Python-2.7.8/Modules/cjkcodecs/_codecs_tw.o
gcc -pthread -shared build/temp.linux-x86_64-2.7/exp/si/barrand/usr/local/Python/2.7.8/Python-2.7.8/Modules/cjkcodecs/_codecs_tw.o -L/usr/local/lib -L. -lpython2.7 -o build/lib.linux-x86_64-2.7/_codecs_tw.so
building '_codecs_hk' extension
gcc -pthread -fPIC -fno-strict-aliasing -g -O2 -DNDEBUG -g -fwrapv -O3 -Wall -Wstrict-prototypes -I. -IInclude -I./Include -I/usr/local/include -I/exp/si/barrand/usr/local/Python/2.7.8/Python-2.7.8/Include -I/exp/si/barrand/usr/local/Python/2.7.8/Python-2.7.8 -c /exp/si/barrand/usr/local/Python/2.7.8/Python-2.7.8/Modules/cjkcodecs/_codecs_hk.c -o build/temp.linux-x86_64-2.7/exp/si/barrand/usr/local/Python/2.7.8/Python-2.7.8/Modules/cjkcodecs/_codecs_hk.o
gcc -pthread -shared build/temp.linux-x86_64-2.7/exp/si/barrand/usr/local/Python/2.7.8/Python-2.7.8/Modules/cjkcodecs/_codecs_hk.o -L/usr/local/lib -L. -lpython2.7 -o build/lib.linux-x86_64-2.7/_codecs_hk.so
building '_codecs_iso2022' extension
gcc -pthread -fPIC -fno-strict-aliasing -g -O2 -DNDEBUG -g -fwrapv -O3 -Wall -Wstrict-prototypes -I. -IInclude -I./Include -I/usr/local/include -I/exp/si/barrand/usr/local/Python/2.7.8/Python-2.7.8/Include -I/exp/si/barrand/usr/local/Python/2.7.8/Python-2.7.8 -c /exp/si/barrand/usr/local/Python/2.7.8/Python-2.7.8/Modules/cjkcodecs/_codecs_iso2022.c -o build/temp.linux-x86_64-2.7/exp/si/barrand/usr/local/Python/2.7.8/Python-2.7.8/Modules/cjkcodecs/_codecs_iso2022.o
gcc -pthread -shared build/temp.linux-x86_64-2.7/exp/si/barrand/usr/local/Python/2.7.8/Python-2.7.8/Modules/cjkcodecs/_codecs_iso2022.o -L/usr/local/lib -L. -lpython2.7 -o build/lib.linux-x86_64-2.7/_codecs_iso2022.so
building '_multiprocessing' extension
creating build/temp.linux-x86_64-2.7/exp/si/barrand/usr/local/Python/2.7.8/Python-2.7.8/Modules/_multiprocessing
gcc -pthread -fPIC -fno-strict-aliasing -g -O2 -DNDEBUG -g -fwrapv -O3 -Wall -Wstrict-prototypes -IModules/_multiprocessing -I. -IInclude -I./Include -I/usr/local/include -I/exp/si/barrand/usr/local/Python/2.7.8/Python-2.7.8/Include -I/exp/si/barrand/usr/local/Python/2.7.8/Python-2.7.8 -c /exp/si/barrand/usr/local/Python/2.7.8/Python-2.7.8/Modules/_multiprocessing/multiprocessing.c -o build/temp.linux-x86_64-2.7/exp/si/barrand/usr/local/Python/2.7.8/Python-2.7.8/Modules/_multiprocessing/multiprocessing.o
gcc -pthread -fPIC -fno-strict-aliasing -g -O2 -DNDEBUG -g -fwrapv -O3 -Wall -Wstrict-prototypes -IModules/_multiprocessing -I. -IInclude -I./Include -I/usr/local/include -I/exp/si/barrand/usr/local/Python/2.7.8/Python-2.7.8/Include -I/exp/si/barrand/usr/local/Python/2.7.8/Python-2.7.8 -c /exp/si/barrand/usr/local/Python/2.7.8/Python-2.7.8/Modules/_multiprocessing/socket_connection.c -o build/temp.linux-x86_64-2.7/exp/si/barrand/usr/local/Python/2.7.8/Python-2.7.8/Modules/_multiprocessing/socket_connection.o
gcc -pthread -fPIC -fno-strict-aliasing -g -O2 -DNDEBUG -g -fwrapv -O3 -Wall -Wstrict-prototypes -IModules/_multiprocessing -I. -IInclude -I./Include -I/usr/local/include -I/exp/si/barrand/usr/local/Python/2.7.8/Python-2.7.8/Include -I/exp/si/barrand/usr/local/Python/2.7.8/Python-2.7.8 -c /exp/si/barrand/usr/local/Python/2.7.8/Python-2.7.8/Modules/_multiprocessing/semaphore.c -o build/temp.linux-x86_64-2.7/exp/si/barrand/usr/local/Python/2.7.8/Python-2.7.8/Modules/_multiprocessing/semaphore.o
gcc -pthread -shared build/temp.linux-x86_64-2.7/exp/si/barrand/usr/local/Python/2.7.8/Python-2.7.8/Modules/_multiprocessing/multiprocessing.o build/temp.linux-x86_64-2.7/exp/si/barrand/usr/local/Python/2.7.8/Python-2.7.8/Modules/_multiprocessing/socket_connection.o build/temp.linux-x86_64-2.7/exp/si/barrand/usr/local/Python/2.7.8/Python-2.7.8/Modules/_multiprocessing/semaphore.o -L/usr/local/lib -L. -lpython2.7 -o build/lib.linux-x86_64-2.7/_multiprocessing.so
building 'linuxaudiodev' extension
gcc -pthread -fPIC -fno-strict-aliasing -g -O2 -DNDEBUG -g -fwrapv -O3 -Wall -Wstrict-prototypes -I. -IInclude -I./Include -I/usr/local/include -I/exp/si/barrand/usr/local/Python/2.7.8/Python-2.7.8/Include -I/exp/si/barrand/usr/local/Python/2.7.8/Python-2.7.8 -c /exp/si/barrand/usr/local/Python/2.7.8/Python-2.7.8/Modules/linuxaudiodev.c -o build/temp.linux-x86_64-2.7/exp/si/barrand/usr/local/Python/2.7.8/Python-2.7.8/Modules/linuxaudiodev.o
gcc -pthread -shared build/temp.linux-x86_64-2.7/exp/si/barrand/usr/local/Python/2.7.8/Python-2.7.8/Modules/linuxaudiodev.o -L/usr/local/lib -L. -lpython2.7 -o build/lib.linux-x86_64-2.7/linuxaudiodev.so
building 'ossaudiodev' extension
gcc -pthread -fPIC -fno-strict-aliasing -g -O2 -DNDEBUG -g -fwrapv -O3 -Wall -Wstrict-prototypes -I. -IInclude -I./Include -I/usr/local/include -I/exp/si/barrand/usr/local/Python/2.7.8/Python-2.7.8/Include -I/exp/si/barrand/usr/local/Python/2.7.8/Python-2.7.8 -c /exp/si/barrand/usr/local/Python/2.7.8/Python-2.7.8/Modules/ossaudiodev.c -o build/temp.linux-x86_64-2.7/exp/si/barrand/usr/local/Python/2.7.8/Python-2.7.8/Modules/ossaudiodev.o
gcc -pthread -shared build/temp.linux-x86_64-2.7/exp/si/barrand/usr/local/Python/2.7.8/Python-2.7.8/Modules/ossaudiodev.o -L/usr/local/lib -L. -lpython2.7 -o build/lib.linux-x86_64-2.7/ossaudiodev.so
creating build/temp.linux-x86_64-2.7/libffi
checking build system type... x86_64-unknown-linux-gnu
checking host system type... x86_64-unknown-linux-gnu
checking target system type... x86_64-unknown-linux-gnu
checking for gsed... sed
checking for a BSD-compatible install... /usr/bin/install -c
checking whether build environment is sane... yes
checking for a thread-safe mkdir -p... /bin/mkdir -p
checking for gawk... gawk
checking whether make sets $(MAKE)... yes
checking for gcc... gcc -pthread
checking whether the C compiler works... yes
checking for C compiler default output file name... a.out
checking for suffix of executables... 
checking whether we are cross compiling... no
checking for suffix of object files... o
checking whether we are using the GNU C compiler... yes
checking whether gcc -pthread accepts -g... yes
checking for gcc -pthread option to accept ISO C89... none needed
checking for style of include used by make... GNU
checking dependency style of gcc -pthread... gcc3
checking dependency style of gcc -pthread... gcc3
checking whether gcc -pthread and cc understand -c and -o together... yes
checking how to print strings... printf
checking for a sed that does not truncate output... /bin/sed
checking for grep that handles long lines and -e... /bin/grep
checking for egrep... /bin/grep -E
checking for fgrep... /bin/grep -F
checking for ld used by gcc -pthread... /usr/bin/ld
checking if the linker (/usr/bin/ld) is GNU ld... yes
checking for BSD- or MS-compatible name lister (nm)... /usr/bin/nm -B
checking the name lister (/usr/bin/nm -B) interface... BSD nm
checking whether ln -s works... yes
checking the maximum length of command line arguments... 1966080
checking whether the shell understands some XSI constructs... yes
checking whether the shell understands "+="... yes
checking how to convert x86_64-unknown-linux-gnu file names to x86_64-unknown-linux-gnu format... func_convert_file_noop
checking how to convert x86_64-unknown-linux-gnu file names to toolchain format... func_convert_file_noop
checking for /usr/bin/ld option to reload object files... -r
checking for objdump... objdump
checking how to recognize dependent libraries... pass_all
checking for dlltool... no
checking how to associate runtime and link libraries... printf %s\n
checking for ar... ar
checking for archiver @FILE support... @
checking for strip... strip
checking for ranlib... ranlib
checking command to parse /usr/bin/nm -B output from gcc -pthread object... ok
checking for sysroot... no
checking for mt... no
checking if : is a manifest tool... no
checking how to run the C preprocessor... gcc -pthread -E
checking for ANSI C header files... yes
checking for sys/types.h... yes
checking for sys/stat.h... yes
checking for stdlib.h... yes
checking for string.h... yes
checking for memory.h... yes
checking for strings.h... yes
checking for inttypes.h... yes
checking for stdint.h... yes
checking for unistd.h... yes
checking for dlfcn.h... yes
checking for objdir... .libs
checking if gcc -pthread supports -fno-rtti -fno-exceptions... no
checking for gcc -pthread option to produce PIC... -fPIC -DPIC
checking if gcc -pthread PIC flag -fPIC -DPIC works... yes
checking if gcc -pthread static flag -static works... no
checking if gcc -pthread supports -c -o file.o... yes
checking if gcc -pthread supports -c -o file.o... (cached) yes
checking whether the gcc -pthread linker (/usr/bin/ld -m elf_x86_64) supports shared libraries... yes
checking whether -lc should be explicitly linked in... no
checking dynamic linker characteristics... GNU/Linux ld.so
checking how to hardcode library paths into programs... immediate
checking whether stripping libraries is possible... yes
checking if libtool supports shared libraries... yes
checking whether to build shared libraries... yes
checking whether to build static libraries... yes
checking size of size_t... 8
checking for C compiler vendor... gnu
checking CFLAGS for maximum warnings... -Wall
checking whether to enable maintainer-specific portions of Makefiles... no
checking sys/mman.h usability... yes
checking sys/mman.h presence... yes
checking for sys/mman.h... yes
checking for mmap... yes
checking for sys/mman.h... (cached) yes
checking for mmap... (cached) yes
checking whether read-only mmap of a plain file works... yes
checking whether mmap from /dev/zero works... yes
checking for MAP_ANON(YMOUS)... yes
checking whether mmap with MAP_ANON(YMOUS) works... yes
checking for ANSI C header files... (cached) yes
checking for memcpy... yes
checking for size_t... yes
checking for working alloca.h... yes
checking for alloca... yes
checking size of double... 8
checking size of long double... 16
checking whether byte ordering is bigendian... no
checking assembler .cfi pseudo-op support... yes
checking assembler supports pc related relocs... yes
checking assembler .ascii pseudo-op support... yes
checking assembler .string pseudo-op support... yes
checking assembler supports unwind section type... yes
checking whether .eh_frame section should be read-only... yes
checking for __attribute__((visibility("hidden")))... yes
checking that generated files are newer than configure... done
configure: creating ./config.status
config.status: creating include/Makefile
config.status: creating include/ffi.h
config.status: creating Makefile
config.status: creating testsuite/Makefile
config.status: creating man/Makefile
config.status: creating libffi.pc
config.status: creating fficonfig.py
config.status: creating fficonfig.h
config.status: linking /exp/si/barrand/usr/local/Python/2.7.8/Python-2.7.8/Modules/_ctypes/libffi/src/x86/ffitarget.h to include/ffitarget.h
config.status: linking /exp/si/barrand/usr/local/Python/2.7.8/Python-2.7.8/Modules/_ctypes/libffi/include/ffi_common.h to include/ffi_common.h
config.status: executing buildir commands
config.status: skipping top_srcdir/Makefile - not created
config.status: executing depfiles commands
config.status: executing libtool commands
config.status: executing include commands
config.status: executing src commands
building '_ctypes' extension
creating build/temp.linux-x86_64-2.7/exp/si/barrand/usr/local/Python/2.7.8/Python-2.7.8/Modules/_ctypes/libffi
creating build/temp.linux-x86_64-2.7/exp/si/barrand/usr/local/Python/2.7.8/Python-2.7.8/Modules/_ctypes/libffi/src
creating build/temp.linux-x86_64-2.7/exp/si/barrand/usr/local/Python/2.7.8/Python-2.7.8/Modules/_ctypes/libffi/src/x86
gcc -pthread -fPIC -fno-strict-aliasing -g -O2 -DNDEBUG -g -fwrapv -O3 -Wall -Wstrict-prototypes -Ibuild/temp.linux-x86_64-2.7/libffi/include -Ibuild/temp.linux-x86_64-2.7/libffi -I/exp/si/barrand/usr/local/Python/2.7.8/Python-2.7.8/Modules/_ctypes/libffi/src -I. -IInclude -I./Include -I/usr/local/include -I/exp/si/barrand/usr/local/Python/2.7.8/Python-2.7.8/Include -I/exp/si/barrand/usr/local/Python/2.7.8/Python-2.7.8 -c /exp/si/barrand/usr/local/Python/2.7.8/Python-2.7.8/Modules/_ctypes/_ctypes.c -o build/temp.linux-x86_64-2.7/exp/si/barrand/usr/local/Python/2.7.8/Python-2.7.8/Modules/_ctypes/_ctypes.o -Wall -fexceptions
gcc -pthread -fPIC -fno-strict-aliasing -g -O2 -DNDEBUG -g -fwrapv -O3 -Wall -Wstrict-prototypes -Ibuild/temp.linux-x86_64-2.7/libffi/include -Ibuild/temp.linux-x86_64-2.7/libffi -I/exp/si/barrand/usr/local/Python/2.7.8/Python-2.7.8/Modules/_ctypes/libffi/src -I. -IInclude -I./Include -I/usr/local/include -I/exp/si/barrand/usr/local/Python/2.7.8/Python-2.7.8/Include -I/exp/si/barrand/usr/local/Python/2.7.8/Python-2.7.8 -c /exp/si/barrand/usr/local/Python/2.7.8/Python-2.7.8/Modules/_ctypes/callbacks.c -o build/temp.linux-x86_64-2.7/exp/si/barrand/usr/local/Python/2.7.8/Python-2.7.8/Modules/_ctypes/callbacks.o -Wall -fexceptions
gcc -pthread -fPIC -fno-strict-aliasing -g -O2 -DNDEBUG -g -fwrapv -O3 -Wall -Wstrict-prototypes -Ibuild/temp.linux-x86_64-2.7/libffi/include -Ibuild/temp.linux-x86_64-2.7/libffi -I/exp/si/barrand/usr/local/Python/2.7.8/Python-2.7.8/Modules/_ctypes/libffi/src -I. -IInclude -I./Include -I/usr/local/include -I/exp/si/barrand/usr/local/Python/2.7.8/Python-2.7.8/Include -I/exp/si/barrand/usr/local/Python/2.7.8/Python-2.7.8 -c /exp/si/barrand/usr/local/Python/2.7.8/Python-2.7.8/Modules/_ctypes/callproc.c -o build/temp.linux-x86_64-2.7/exp/si/barrand/usr/local/Python/2.7.8/Python-2.7.8/Modules/_ctypes/callproc.o -Wall -fexceptions
gcc -pthread -fPIC -fno-strict-aliasing -g -O2 -DNDEBUG -g -fwrapv -O3 -Wall -Wstrict-prototypes -Ibuild/temp.linux-x86_64-2.7/libffi/include -Ibuild/temp.linux-x86_64-2.7/libffi -I/exp/si/barrand/usr/local/Python/2.7.8/Python-2.7.8/Modules/_ctypes/libffi/src -I. -IInclude -I./Include -I/usr/local/include -I/exp/si/barrand/usr/local/Python/2.7.8/Python-2.7.8/Include -I/exp/si/barrand/usr/local/Python/2.7.8/Python-2.7.8 -c /exp/si/barrand/usr/local/Python/2.7.8/Python-2.7.8/Modules/_ctypes/stgdict.c -o build/temp.linux-x86_64-2.7/exp/si/barrand/usr/local/Python/2.7.8/Python-2.7.8/Modules/_ctypes/stgdict.o -Wall -fexceptions
gcc -pthread -fPIC -fno-strict-aliasing -g -O2 -DNDEBUG -g -fwrapv -O3 -Wall -Wstrict-prototypes -Ibuild/temp.linux-x86_64-2.7/libffi/include -Ibuild/temp.linux-x86_64-2.7/libffi -I/exp/si/barrand/usr/local/Python/2.7.8/Python-2.7.8/Modules/_ctypes/libffi/src -I. -IInclude -I./Include -I/usr/local/include -I/exp/si/barrand/usr/local/Python/2.7.8/Python-2.7.8/Include -I/exp/si/barrand/usr/local/Python/2.7.8/Python-2.7.8 -c /exp/si/barrand/usr/local/Python/2.7.8/Python-2.7.8/Modules/_ctypes/cfield.c -o build/temp.linux-x86_64-2.7/exp/si/barrand/usr/local/Python/2.7.8/Python-2.7.8/Modules/_ctypes/cfield.o -Wall -fexceptions
gcc -pthread -fPIC -fno-strict-aliasing -g -O2 -DNDEBUG -g -fwrapv -O3 -Wall -Wstrict-prototypes -Ibuild/temp.linux-x86_64-2.7/libffi/include -Ibuild/temp.linux-x86_64-2.7/libffi -I/exp/si/barrand/usr/local/Python/2.7.8/Python-2.7.8/Modules/_ctypes/libffi/src -I. -IInclude -I./Include -I/usr/local/include -I/exp/si/barrand/usr/local/Python/2.7.8/Python-2.7.8/Include -I/exp/si/barrand/usr/local/Python/2.7.8/Python-2.7.8 -c /exp/si/barrand/usr/local/Python/2.7.8/Python-2.7.8/Modules/_ctypes/libffi/src/prep_cif.c -o build/temp.linux-x86_64-2.7/exp/si/barrand/usr/local/Python/2.7.8/Python-2.7.8/Modules/_ctypes/libffi/src/prep_cif.o -Wall -fexceptions
gcc -pthread -fPIC -fno-strict-aliasing -g -O2 -DNDEBUG -g -fwrapv -O3 -Wall -Wstrict-prototypes -Ibuild/temp.linux-x86_64-2.7/libffi/include -Ibuild/temp.linux-x86_64-2.7/libffi -I/exp/si/barrand/usr/local/Python/2.7.8/Python-2.7.8/Modules/_ctypes/libffi/src -I. -IInclude -I./Include -I/usr/local/include -I/exp/si/barrand/usr/local/Python/2.7.8/Python-2.7.8/Include -I/exp/si/barrand/usr/local/Python/2.7.8/Python-2.7.8 -c /exp/si/barrand/usr/local/Python/2.7.8/Python-2.7.8/Modules/_ctypes/libffi/src/closures.c -o build/temp.linux-x86_64-2.7/exp/si/barrand/usr/local/Python/2.7.8/Python-2.7.8/Modules/_ctypes/libffi/src/closures.o -Wall -fexceptions
gcc -pthread -fPIC -fno-strict-aliasing -g -O2 -DNDEBUG -g -fwrapv -O3 -Wall -Wstrict-prototypes -Ibuild/temp.linux-x86_64-2.7/libffi/include -Ibuild/temp.linux-x86_64-2.7/libffi -I/exp/si/barrand/usr/local/Python/2.7.8/Python-2.7.8/Modules/_ctypes/libffi/src -I. -IInclude -I./Include -I/usr/local/include -I/exp/si/barrand/usr/local/Python/2.7.8/Python-2.7.8/Include -I/exp/si/barrand/usr/local/Python/2.7.8/Python-2.7.8 -c /exp/si/barrand/usr/local/Python/2.7.8/Python-2.7.8/Modules/_ctypes/libffi/src/x86/ffi64.c -o build/temp.linux-x86_64-2.7/exp/si/barrand/usr/local/Python/2.7.8/Python-2.7.8/Modules/_ctypes/libffi/src/x86/ffi64.o -Wall -fexceptions
gcc -pthread -fPIC -fno-strict-aliasing -g -O2 -DNDEBUG -g -fwrapv -O3 -Wall -Wstrict-prototypes -Ibuild/temp.linux-x86_64-2.7/libffi/include -Ibuild/temp.linux-x86_64-2.7/libffi -I/exp/si/barrand/usr/local/Python/2.7.8/Python-2.7.8/Modules/_ctypes/libffi/src -I. -IInclude -I./Include -I/usr/local/include -I/exp/si/barrand/usr/local/Python/2.7.8/Python-2.7.8/Include -I/exp/si/barrand/usr/local/Python/2.7.8/Python-2.7.8 -c /exp/si/barrand/usr/local/Python/2.7.8/Python-2.7.8/Modules/_ctypes/libffi/src/x86/unix64.S -o build/temp.linux-x86_64-2.7/exp/si/barrand/usr/local/Python/2.7.8/Python-2.7.8/Modules/_ctypes/libffi/src/x86/unix64.o -Wall -fexceptions
gcc -pthread -fPIC -fno-strict-aliasing -g -O2 -DNDEBUG -g -fwrapv -O3 -Wall -Wstrict-prototypes -Ibuild/temp.linux-x86_64-2.7/libffi/include -Ibuild/temp.linux-x86_64-2.7/libffi -I/exp/si/barrand/usr/local/Python/2.7.8/Python-2.7.8/Modules/_ctypes/libffi/src -I. -IInclude -I./Include -I/usr/local/include -I/exp/si/barrand/usr/local/Python/2.7.8/Python-2.7.8/Include -I/exp/si/barrand/usr/local/Python/2.7.8/Python-2.7.8 -c /exp/si/barrand/usr/local/Python/2.7.8/Python-2.7.8/Modules/_ctypes/libffi/src/x86/ffi.c -o build/temp.linux-x86_64-2.7/exp/si/barrand/usr/local/Python/2.7.8/Python-2.7.8/Modules/_ctypes/libffi/src/x86/ffi.o -Wall -fexceptions
gcc -pthread -fPIC -fno-strict-aliasing -g -O2 -DNDEBUG -g -fwrapv -O3 -Wall -Wstrict-prototypes -Ibuild/temp.linux-x86_64-2.7/libffi/include -Ibuild/temp.linux-x86_64-2.7/libffi -I/exp/si/barrand/usr/local/Python/2.7.8/Python-2.7.8/Modules/_ctypes/libffi/src -I. -IInclude -I./Include -I/usr/local/include -I/exp/si/barrand/usr/local/Python/2.7.8/Python-2.7.8/Include -I/exp/si/barrand/usr/local/Python/2.7.8/Python-2.7.8 -c /exp/si/barrand/usr/local/Python/2.7.8/Python-2.7.8/Modules/_ctypes/libffi/src/x86/sysv.S -o build/temp.linux-x86_64-2.7/exp/si/barrand/usr/local/Python/2.7.8/Python-2.7.8/Modules/_ctypes/libffi/src/x86/sysv.o -Wall -fexceptions
gcc -pthread -shared build/temp.linux-x86_64-2.7/exp/si/barrand/usr/local/Python/2.7.8/Python-2.7.8/Modules/_ctypes/_ctypes.o build/temp.linux-x86_64-2.7/exp/si/barrand/usr/local/Python/2.7.8/Python-2.7.8/Modules/_ctypes/callbacks.o build/temp.linux-x86_64-2.7/exp/si/barrand/usr/local/Python/2.7.8/Python-2.7.8/Modules/_ctypes/callproc.o build/temp.linux-x86_64-2.7/exp/si/barrand/usr/local/Python/2.7.8/Python-2.7.8/Modules/_ctypes/stgdict.o build/temp.linux-x86_64-2.7/exp/si/barrand/usr/local/Python/2.7.8/Python-2.7.8/Modules/_ctypes/cfield.o build/temp.linux-x86_64-2.7/exp/si/barrand/usr/local/Python/2.7.8/Python-2.7.8/Modules/_ctypes/libffi/src/prep_cif.o build/temp.linux-x86_64-2.7/exp/si/barrand/usr/local/Python/2.7.8/Python-2.7.8/Modules/_ctypes/libffi/src/closures.o build/temp.linux-x86_64-2.7/exp/si/barrand/usr/local/Python/2.7.8/Python-2.7.8/Modules/_ctypes/libffi/src/x86/ffi64.o build/temp.linux-x86_64-2.7/exp/si/barrand/usr/local/Python/2.7.8/Python-2.7.8/Modules/_ctypes/libffi/src/x86/unix64.o build/temp.linux-x86_64-2.7/exp/si/barrand/usr/local/Python/2.7.8/Python-2.7.8/Modules/_ctypes/libffi/src/x86/ffi.o build/temp.linux-x86_64-2.7/exp/si/barrand/usr/local/Python/2.7.8/Python-2.7.8/Modules/_ctypes/libffi/src/x86/sysv.o -L/usr/local/lib -L. -lpython2.7 -o build/lib.linux-x86_64-2.7/_ctypes.so

Python build finished, but the necessary bits to build these modules were not found:
_sqlite3           _tkinter           bsddb185        
dl                 imageop            readline        
sunaudiodev                                           
To find the necessary bits, look in setup.py in detect_modules() for the module's name.

running build_scripts
creating build/scripts-2.7
copying and adjusting /exp/si/barrand/usr/local/Python/2.7.8/Python-2.7.8/Tools/scripts/pydoc -> build/scripts-2.7
copying and adjusting /exp/si/barrand/usr/local/Python/2.7.8/Python-2.7.8/Tools/scripts/idle -> build/scripts-2.7
copying and adjusting /exp/si/barrand/usr/local/Python/2.7.8/Python-2.7.8/Tools/scripts/2to3 -> build/scripts-2.7
copying and adjusting /exp/si/barrand/usr/local/Python/2.7.8/Python-2.7.8/Lib/smtpd.py -> build/scripts-2.7
changing mode of build/scripts-2.7/pydoc from 664 to 775
changing mode of build/scripts-2.7/idle from 664 to 775
changing mode of build/scripts-2.7/2to3 from 664 to 775
changing mode of build/scripts-2.7/smtpd.py from 664 to 775
/usr/bin/install -c -m 644 ./Tools/gdb/libpython.py python-gdb.py
