
Darwin mbp-barrand2.lal.in2p3.fr 13.1.0 Darwin Kernel Version 13.1.0: Thu Jan 16 19:40:37 PST 2014; root:xnu-2422.90.20~2/RELEASE_X86_64 x86_64

GNU Make 3.81
  MAKEFLAGS   := 

For building and installing wcslib-4.21...
  ARCH        := x86_64-darwin13.1.0
  FLEX        := 
  FLFLAGS     := 
  CPP         := gcc -E
  CPPFLAGS    := -DHAVE_CONFIG_H
  WCSTRIG     := WRAPPER
  CC          := gcc
  CFLAGS      := -g -O2
  FC          := 
  FFLAGS      := 
  WCSLIB      := libwcs-4.21.a
  RANLIB      := ranlib
  SHRLIB      := libwcs.4.21.dylib
  SONAME      := libwcs.4.dylib
  SHRFLAGS    := -fPIC
  SHRLD       := gcc -fPIC -dynamiclib -single_module -compatibility_version 4 -current_version 4.21
  SHRLN       := 
  LN_S        := ln -s
  INSTALL     := /usr/bin/install -c
  LIBDIR      := /usr/local/wcslib/4.21/lib
  BINDIR      := /usr/local/wcslib/4.21/bin
  INCDIR      := /usr/local/wcslib/4.21/include/wcslib-4.21
  INCLINK     := /usr/local/wcslib/4.21/include/wcslib
  DOCDIR      := /usr/local/wcslib/4.21/share/doc/wcslib-4.21
  DOCLINK     := /usr/local/wcslib/4.21/share/doc/wcslib
  HTMLDIR     := /usr/local/wcslib/4.21/share/doc/wcslib-4.21
  PDFDIR      := /usr/local/wcslib/4.21/share/doc/wcslib-4.21
  MANDIR      := /usr/local/wcslib/4.21/share/man
  TIMER       := date +"%a %Y/%m/%d %X %z, executing on $HOST"

Important wcsconfig.h defines...
  /* #undef HAVE_SINCOS */
  #define WCSLIB_INT64 long long int

To build utilities and test programs...
  LD          := gcc
  LDFLAGS     := -L/opt/local/lib
  PGPLOTINC   := 
  PGPLOTLIB   := 
  CFITSIOINC  := 
  CFITSIOLIB  := 
  GETWCSTAB   := 
  FLIBS       := 
  LIBS        := -lm 

Subdirectories to be built...
  SUBDIRS     := C utils
  TSTDIRS     := C

For code development...
  FLAVOURS    := ""
  FLAVOUR     := 
  VALGRIND    := 
  EXTRA_CLEAN := 


Tue 2014/04/01 16:15:05 +0200, executing on mbp-barrand2.lal.in2p3.fr

cp flexed/fitshdr.c .

cp flexed/wcsbth.c .

cp flexed/wcspih.c .

cp flexed/wcsulex.c .

cp flexed/wcsutrn.c .

gcc -DHAVE_CONFIG_H -I. -I.. -g -O2 -c cel.c
ar r libwcs-4.21.a cel.o
ar: creating archive libwcs-4.21.a

gcc -DHAVE_CONFIG_H -I. -I.. -g -O2 -c fitshdr.c
ar r libwcs-4.21.a fitshdr.o

gcc -DHAVE_CONFIG_H -I. -I.. -g -O2 -c lin.c
ar r libwcs-4.21.a lin.o

gcc -DHAVE_CONFIG_H -I. -I.. -g -O2 -c log.c
ar r libwcs-4.21.a log.o

gcc -DHAVE_CONFIG_H -I. -I.. -g -O2 -c prj.c
ar r libwcs-4.21.a prj.o

gcc -DHAVE_CONFIG_H -I. -I.. -g -O2 -c spc.c
ar r libwcs-4.21.a spc.o

gcc -DHAVE_CONFIG_H -I. -I.. -g -O2 -c sph.c
ar r libwcs-4.21.a sph.o

gcc -DHAVE_CONFIG_H -I. -I.. -g -O2 -c spx.c
ar r libwcs-4.21.a spx.o

gcc -DHAVE_CONFIG_H -I. -I.. -g -O2 -c tab.c
ar r libwcs-4.21.a tab.o

gcc -DHAVE_CONFIG_H -I. -I.. -g -O2 -c wcs.c
ar r libwcs-4.21.a wcs.o

gcc -DHAVE_CONFIG_H -I. -I.. -g -O2 -c wcsbth.c
ar r libwcs-4.21.a wcsbth.o

gcc -DHAVE_CONFIG_H -I. -I.. -g -O2 -c wcserr.c
ar r libwcs-4.21.a wcserr.o

gcc -DHAVE_CONFIG_H -I. -I.. -g -O2 -c wcsfix.c
ar r libwcs-4.21.a wcsfix.o

gcc -DHAVE_CONFIG_H -I. -I.. -g -O2 -c wcshdr.c
ar r libwcs-4.21.a wcshdr.o

gcc -DHAVE_CONFIG_H -I. -I.. -g -O2 -c wcspih.c
ar r libwcs-4.21.a wcspih.o

gcc -DHAVE_CONFIG_H -I. -I.. -g -O2 -c wcsprintf.c
ar r libwcs-4.21.a wcsprintf.o

gcc -DHAVE_CONFIG_H -I. -I.. -g -O2 -c wcstrig.c
ar r libwcs-4.21.a wcstrig.o

gcc -DHAVE_CONFIG_H -I. -I.. -g -O2 -c wcsulex.c
ar r libwcs-4.21.a wcsulex.o

gcc -DHAVE_CONFIG_H -I. -I.. -g -O2 -c wcsunits.c
ar r libwcs-4.21.a wcsunits.o

gcc -DHAVE_CONFIG_H -I. -I.. -g -O2 -c wcsutil.c
ar r libwcs-4.21.a wcsutil.o

gcc -DHAVE_CONFIG_H -I. -I.. -g -O2 -c wcsutrn.c
ar r libwcs-4.21.a wcsutrn.o

ranlib libwcs-4.21.a

gcc -DHAVE_CONFIG_H -I. -I.. -g -O2 -fPIC -c cel.c
ar r libwcs-PIC.a cel.o
ar: creating archive libwcs-PIC.a

gcc -DHAVE_CONFIG_H -I. -I.. -g -O2 -fPIC -c fitshdr.c
ar r libwcs-PIC.a fitshdr.o

gcc -DHAVE_CONFIG_H -I. -I.. -g -O2 -fPIC -c lin.c
ar r libwcs-PIC.a lin.o

gcc -DHAVE_CONFIG_H -I. -I.. -g -O2 -fPIC -c log.c
ar r libwcs-PIC.a log.o

gcc -DHAVE_CONFIG_H -I. -I.. -g -O2 -fPIC -c prj.c
ar r libwcs-PIC.a prj.o

gcc -DHAVE_CONFIG_H -I. -I.. -g -O2 -fPIC -c spc.c
ar r libwcs-PIC.a spc.o

gcc -DHAVE_CONFIG_H -I. -I.. -g -O2 -fPIC -c sph.c
ar r libwcs-PIC.a sph.o

gcc -DHAVE_CONFIG_H -I. -I.. -g -O2 -fPIC -c spx.c
ar r libwcs-PIC.a spx.o

gcc -DHAVE_CONFIG_H -I. -I.. -g -O2 -fPIC -c tab.c
ar r libwcs-PIC.a tab.o

gcc -DHAVE_CONFIG_H -I. -I.. -g -O2 -fPIC -c wcs.c
ar r libwcs-PIC.a wcs.o

gcc -DHAVE_CONFIG_H -I. -I.. -g -O2 -fPIC -c wcsbth.c
ar r libwcs-PIC.a wcsbth.o

gcc -DHAVE_CONFIG_H -I. -I.. -g -O2 -fPIC -c wcserr.c
ar r libwcs-PIC.a wcserr.o

gcc -DHAVE_CONFIG_H -I. -I.. -g -O2 -fPIC -c wcsfix.c
ar r libwcs-PIC.a wcsfix.o

gcc -DHAVE_CONFIG_H -I. -I.. -g -O2 -fPIC -c wcshdr.c
ar r libwcs-PIC.a wcshdr.o

gcc -DHAVE_CONFIG_H -I. -I.. -g -O2 -fPIC -c wcspih.c
ar r libwcs-PIC.a wcspih.o

gcc -DHAVE_CONFIG_H -I. -I.. -g -O2 -fPIC -c wcsprintf.c
ar r libwcs-PIC.a wcsprintf.o

gcc -DHAVE_CONFIG_H -I. -I.. -g -O2 -fPIC -c wcstrig.c
ar r libwcs-PIC.a wcstrig.o

gcc -DHAVE_CONFIG_H -I. -I.. -g -O2 -fPIC -c wcsulex.c
ar r libwcs-PIC.a wcsulex.o

gcc -DHAVE_CONFIG_H -I. -I.. -g -O2 -fPIC -c wcsunits.c
ar r libwcs-PIC.a wcsunits.o

gcc -DHAVE_CONFIG_H -I. -I.. -g -O2 -fPIC -c wcsutil.c
ar r libwcs-PIC.a wcsutil.o

gcc -DHAVE_CONFIG_H -I. -I.. -g -O2 -fPIC -c wcsutrn.c
ar r libwcs-PIC.a wcsutrn.o

mkdir tmp && \
	     cd tmp && \
	     trap 'cd .. ; rm -f -r tmp' 0 1 2 3 15 ; \
	     ar x ../libwcs-PIC.a && \
	     gcc -fPIC -dynamiclib -single_module -compatibility_version 4 -current_version 4.21 -o libwcs.4.21.dylib *.o -L/opt/local/lib -lm  && \
	     mv libwcs.4.21.dylib ..

Tue 2014/04/01 16:15:15 +0200, executing on mbp-barrand2.lal.in2p3.fr

gcc -DHAVE_CONFIG_H -I.. -I../C -g -O2 -c -o fitshdr.o fitshdr.c
gcc -o fitshdr fitshdr.o -L/opt/local/lib -lm 
